#
# A fatal error has been detected by the Java Runtime Environment:
#
#  Internal Error (generateOopMap.cpp:2164), pid=19911, tid=21507
#  fatal error: Illegal class file encountered. Try running with -Xverify:all in method parseExpressionableSingle
#
# JRE version: Java(TM) SE Runtime Environment 18.9 (11.0.16.1+1) (build 11.0.16.1+1-LTS-1)
# Java VM: Java HotSpot(TM) 64-Bit Server VM 18.9 (11.0.16.1+1-LTS-1, mixed mode, tiered, compressed oops, g1 gc, bsd-aarch64)
# No core dump will be written. Core dumps have been disabled. To enable core dumping, try "ulimit -c unlimited" before starting Java again
#
# If you would like to submit a bug report, please visit:
#   https://bugreport.java.com/bugreport/crash.jsp
#

---------------  S U M M A R Y ------------

Command Line: -agentlib:jdwp=transport=dt_socket,suspend=y,address=localhost:54033 -javaagent:/Users/bumba/eclipse/java-2022-12/Eclipse.app/Contents/Eclipse/configuration/org.eclipse.osgi/521/0/.cp/lib/javaagent-shaded.jar -Dfile.encoding=UTF-8 compiler.TestCompiler

Host: MacBookAir10,1 arm64 1 MHz, 8 cores, 16G, Darwin 22.5.0
Time: Fri Sep  1 19:36:05 2023 CEST elapsed time: 1520.369217 seconds (0d 0h 25m 20s)

---------------  T H R E A D  ---------------

Current thread (0x000000012814a800):  VMThread "VM Thread" [stack: 0x000000016ca90000,0x000000016cc93000] [id=21507]

Stack: [0x000000016ca90000,0x000000016cc93000],  sp=0x000000016cc92260,  free space=2056k
Native frames: (J=compiled Java code, j=interpreted, Vv=VM code, C=native code)
V  [libjvm.dylib+0x67fab0]  VMError::report_and_die(int, char const*, char const*, char*, Thread*, unsigned char*, void*, void*, char const*, int, unsigned long)+0x580
V  [libjvm.dylib+0x1edf44]  report_fatal(VMErrorType, char const*, int, char const*, ...)+0x70
V  [libjvm.dylib+0x2c3da4]  GenerateOopMap::error_work(char const*, char*)+0xf8
V  [libjvm.dylib+0x2c0744]  GenerateOopMap::report_error(char const*, ...)+0x1c
V  [libjvm.dylib+0x2c1090]  GenerateOopMap::init_basic_blocks()+0x19c
V  [libjvm.dylib+0x2c0ea8]  GenerateOopMap::do_interpretation()+0x38
V  [libjvm.dylib+0x2c3b94]  GenerateOopMap::compute_map(Thread*)+0x158
V  [libjvm.dylib+0x521f34]  OopMapForCacheEntry::compute_map(Thread*)+0x60
V  [libjvm.dylib+0x52284c]  OopMapCacheEntry::fill(methodHandle const&, int)+0xa4
V  [libjvm.dylib+0x523134]  OopMapCache::compute_one_oop_map(methodHandle const&, int, InterpreterOopMap*)+0x58
V  [libjvm.dylib+0x4e37e4]  Method::mask_for(int, InterpreterOopMap*)+0xac
V  [libjvm.dylib+0x41db30]  VM_GetOrSetLocal::doit()+0x58
V  [libjvm.dylib+0x689814]  VM_Operation::evaluate()+0xe4
V  [libjvm.dylib+0x688a58]  VMThread::evaluate_operation(VM_Operation*)+0x164
V  [libjvm.dylib+0x688668]  VMThread::loop()+0x2f4
V  [libjvm.dylib+0x68826c]  VMThread::run()+0x7c
V  [libjvm.dylib+0x6296e0]  Thread::call_run()+0x7c
V  [libjvm.dylib+0x52bf60]  thread_native_entry(Thread*)+0x13c
C  [libsystem_pthread.dylib+0x6fa8]  _pthread_start+0x94

VM_Operation (0x000000016e016990): GetOrSetLocal, mode: safepoint, requested by thread 0x000000013c008800


---------------  P R O C E S S  ---------------

Threads class SMR info:
_java_thread_list=0x0000600003aecc60, length=12, elements={
0x000000012800d000, 0x0000000128154000, 0x0000000128157000, 0x0000000128148000,
0x0000000128149000, 0x0000000128168000, 0x0000000128169000, 0x000000012f00a800,
0x00000001400f8000, 0x000000013c008800, 0x000000012f0a1800, 0x000000013c00b800
}
_to_delete_list=0x0000600003ad8040, length=11, elements={
0x000000012800d000, 0x0000000128154000, 0x0000000128157000, 0x0000000128148000,
0x0000000128149000, 0x0000000128168000, 0x0000000128169000, 0x000000012f00a800,
0x00000001400f8000, 0x000000013c008800, 0x000000012f0a1800
}

Java Threads: ( => current thread )
  0x000000012800d000 JavaThread "main" [_thread_blocked, id=10243, stack(0x000000016be48000,0x000000016c04b000)]
  0x0000000128154000 JavaThread "Reference Handler" daemon [_thread_blocked, id=16899, stack(0x000000016cc9c000,0x000000016ce9f000)]
  0x0000000128157000 JavaThread "Finalizer" daemon [_thread_blocked, id=20739, stack(0x000000016cea8000,0x000000016d0ab000)]
  0x0000000128148000 JavaThread "Signal Dispatcher" daemon [_thread_blocked, id=21763, stack(0x000000016d1cc000,0x000000016d3cf000)]
  0x0000000128149000 JavaThread "Service Thread" daemon [_thread_blocked, id=22275, stack(0x000000016d3d8000,0x000000016d5db000)]
  0x0000000128168000 JavaThread "C2 CompilerThread0" daemon [_thread_blocked, id=32259, stack(0x000000016d5e4000,0x000000016d7e7000)]
  0x0000000128169000 JavaThread "C1 CompilerThread0" daemon [_thread_blocked, id=31747, stack(0x000000016d7f0000,0x000000016d9f3000)]
  0x000000012f00a800 JavaThread "Sweeper thread" daemon [_thread_blocked, id=23555, stack(0x000000016d9fc000,0x000000016dbff000)]
  0x00000001400f8000 JavaThread "Common-Cleaner" daemon [_thread_blocked, id=30723, stack(0x000000016dc08000,0x000000016de0b000)]
  0x000000013c008800 JavaThread "JDWP Transport Listener: dt_socket" daemon [_thread_blocked, id=29955, stack(0x000000016de14000,0x000000016e017000)] _threads_hazard_ptr=0x0000600003aecc60
  0x000000012f0a1800 JavaThread "JDWP Event Helper Thread" daemon [_thread_blocked, id=29187, stack(0x000000016e020000,0x000000016e223000)]
  0x000000013c00b800 JavaThread "JDWP Command Reader" daemon [_thread_in_native, id=24323, stack(0x000000016e22c000,0x000000016e42f000)]

Other Threads:
=>0x000000012814a800 VMThread "VM Thread" [stack: 0x000000016ca90000,0x000000016cc93000] [id=21507]
  0x0000000140136000 WatcherThread [stack: 0x000000016e438000,0x000000016e63b000] [id=24579]
  0x000000012800b800 GCTaskThread "GC Thread#0" [stack: 0x000000016c054000,0x000000016c257000] [id=15619]
  0x0000000128051800 ConcurrentGCThread "G1 Main Marker" [stack: 0x000000016c260000,0x000000016c463000] [id=12035]
  0x0000000128052800 ConcurrentGCThread "G1 Conc#0" [stack: 0x000000016c46c000,0x000000016c66f000] [id=12547]
  0x00000001280f3000 ConcurrentGCThread "G1 Refine#0" [stack: 0x000000016c678000,0x000000016c87b000] [id=14595]
  0x00000001280f4000 ConcurrentGCThread "G1 Young RemSet Sampling" [stack: 0x000000016c884000,0x000000016ca87000] [id=14083]

Threads with active compile tasks:

VM state:at safepoint (normal execution)

VM Mutex/Monitor currently owned by a thread:  ([mutex/lock_event])
[0x00006000014f9c00] Threads_lock - owner thread: 0x000000012814a800

Heap address: 0x00000006c0000000, size: 4096 MB, Compressed Oops mode: Zero based, Oop shift amount: 3
Narrow klass base: 0x0000000800000000, Narrow klass shift: 0
Compressed class space size: 1073741824 Address: 0x0000000800000000

Heap:
 garbage-first heap   total 262144K, used 13312K [0x00000006c0000000, 0x00000007c0000000)
  region size 1024K, 15 young (15360K), 0 survivors (0K)
 Metaspace       used 9916K, capacity 10036K, committed 10112K, reserved 1058816K
  class space    used 831K, capacity 875K, committed 896K, reserved 1048576K
Heap Regions: E=young(eden), S=young(survivor), O=old, HS=humongous(starts), HC=humongous(continues), CS=collection set, F=free, A=archive, TAMS=top-at-mark-start (previous, next)
|   0|0x00000006c0000000, 0x00000006c0000000, 0x00000006c0100000|  0%| F|  |TAMS 0x00000006c0000000, 0x00000006c0000000| Untracked 
|   1|0x00000006c0100000, 0x00000006c0100000, 0x00000006c0200000|  0%| F|  |TAMS 0x00000006c0100000, 0x00000006c0100000| Untracked 
|   2|0x00000006c0200000, 0x00000006c0200000, 0x00000006c0300000|  0%| F|  |TAMS 0x00000006c0200000, 0x00000006c0200000| Untracked 
|   3|0x00000006c0300000, 0x00000006c0300000, 0x00000006c0400000|  0%| F|  |TAMS 0x00000006c0300000, 0x00000006c0300000| Untracked 
|   4|0x00000006c0400000, 0x00000006c0400000, 0x00000006c0500000|  0%| F|  |TAMS 0x00000006c0400000, 0x00000006c0400000| Untracked 
|   5|0x00000006c0500000, 0x00000006c0500000, 0x00000006c0600000|  0%| F|  |TAMS 0x00000006c0500000, 0x00000006c0500000| Untracked 
|   6|0x00000006c0600000, 0x00000006c0600000, 0x00000006c0700000|  0%| F|  |TAMS 0x00000006c0600000, 0x00000006c0600000| Untracked 
|   7|0x00000006c0700000, 0x00000006c0700000, 0x00000006c0800000|  0%| F|  |TAMS 0x00000006c0700000, 0x00000006c0700000| Untracked 
|   8|0x00000006c0800000, 0x00000006c0800000, 0x00000006c0900000|  0%| F|  |TAMS 0x00000006c0800000, 0x00000006c0800000| Untracked 
|   9|0x00000006c0900000, 0x00000006c0900000, 0x00000006c0a00000|  0%| F|  |TAMS 0x00000006c0900000, 0x00000006c0900000| Untracked 
|  10|0x00000006c0a00000, 0x00000006c0a00000, 0x00000006c0b00000|  0%| F|  |TAMS 0x00000006c0a00000, 0x00000006c0a00000| Untracked 
|  11|0x00000006c0b00000, 0x00000006c0b00000, 0x00000006c0c00000|  0%| F|  |TAMS 0x00000006c0b00000, 0x00000006c0b00000| Untracked 
|  12|0x00000006c0c00000, 0x00000006c0c00000, 0x00000006c0d00000|  0%| F|  |TAMS 0x00000006c0c00000, 0x00000006c0c00000| Untracked 
|  13|0x00000006c0d00000, 0x00000006c0d00000, 0x00000006c0e00000|  0%| F|  |TAMS 0x00000006c0d00000, 0x00000006c0d00000| Untracked 
|  14|0x00000006c0e00000, 0x00000006c0e00000, 0x00000006c0f00000|  0%| F|  |TAMS 0x00000006c0e00000, 0x00000006c0e00000| Untracked 
|  15|0x00000006c0f00000, 0x00000006c0f00000, 0x00000006c1000000|  0%| F|  |TAMS 0x00000006c0f00000, 0x00000006c0f00000| Untracked 
|  16|0x00000006c1000000, 0x00000006c1000000, 0x00000006c1100000|  0%| F|  |TAMS 0x00000006c1000000, 0x00000006c1000000| Untracked 
|  17|0x00000006c1100000, 0x00000006c1100000, 0x00000006c1200000|  0%| F|  |TAMS 0x00000006c1100000, 0x00000006c1100000| Untracked 
|  18|0x00000006c1200000, 0x00000006c1200000, 0x00000006c1300000|  0%| F|  |TAMS 0x00000006c1200000, 0x00000006c1200000| Untracked 
|  19|0x00000006c1300000, 0x00000006c1300000, 0x00000006c1400000|  0%| F|  |TAMS 0x00000006c1300000, 0x00000006c1300000| Untracked 
|  20|0x00000006c1400000, 0x00000006c1400000, 0x00000006c1500000|  0%| F|  |TAMS 0x00000006c1400000, 0x00000006c1400000| Untracked 
|  21|0x00000006c1500000, 0x00000006c1500000, 0x00000006c1600000|  0%| F|  |TAMS 0x00000006c1500000, 0x00000006c1500000| Untracked 
|  22|0x00000006c1600000, 0x00000006c1600000, 0x00000006c1700000|  0%| F|  |TAMS 0x00000006c1600000, 0x00000006c1600000| Untracked 
|  23|0x00000006c1700000, 0x00000006c1700000, 0x00000006c1800000|  0%| F|  |TAMS 0x00000006c1700000, 0x00000006c1700000| Untracked 
|  24|0x00000006c1800000, 0x00000006c1800000, 0x00000006c1900000|  0%| F|  |TAMS 0x00000006c1800000, 0x00000006c1800000| Untracked 
|  25|0x00000006c1900000, 0x00000006c1900000, 0x00000006c1a00000|  0%| F|  |TAMS 0x00000006c1900000, 0x00000006c1900000| Untracked 
|  26|0x00000006c1a00000, 0x00000006c1a00000, 0x00000006c1b00000|  0%| F|  |TAMS 0x00000006c1a00000, 0x00000006c1a00000| Untracked 
|  27|0x00000006c1b00000, 0x00000006c1b00000, 0x00000006c1c00000|  0%| F|  |TAMS 0x00000006c1b00000, 0x00000006c1b00000| Untracked 
|  28|0x00000006c1c00000, 0x00000006c1c00000, 0x00000006c1d00000|  0%| F|  |TAMS 0x00000006c1c00000, 0x00000006c1c00000| Untracked 
|  29|0x00000006c1d00000, 0x00000006c1d00000, 0x00000006c1e00000|  0%| F|  |TAMS 0x00000006c1d00000, 0x00000006c1d00000| Untracked 
|  30|0x00000006c1e00000, 0x00000006c1e00000, 0x00000006c1f00000|  0%| F|  |TAMS 0x00000006c1e00000, 0x00000006c1e00000| Untracked 
|  31|0x00000006c1f00000, 0x00000006c1f00000, 0x00000006c2000000|  0%| F|  |TAMS 0x00000006c1f00000, 0x00000006c1f00000| Untracked 
|  32|0x00000006c2000000, 0x00000006c2000000, 0x00000006c2100000|  0%| F|  |TAMS 0x00000006c2000000, 0x00000006c2000000| Untracked 
|  33|0x00000006c2100000, 0x00000006c2100000, 0x00000006c2200000|  0%| F|  |TAMS 0x00000006c2100000, 0x00000006c2100000| Untracked 
|  34|0x00000006c2200000, 0x00000006c2200000, 0x00000006c2300000|  0%| F|  |TAMS 0x00000006c2200000, 0x00000006c2200000| Untracked 
|  35|0x00000006c2300000, 0x00000006c2300000, 0x00000006c2400000|  0%| F|  |TAMS 0x00000006c2300000, 0x00000006c2300000| Untracked 
|  36|0x00000006c2400000, 0x00000006c2400000, 0x00000006c2500000|  0%| F|  |TAMS 0x00000006c2400000, 0x00000006c2400000| Untracked 
|  37|0x00000006c2500000, 0x00000006c2500000, 0x00000006c2600000|  0%| F|  |TAMS 0x00000006c2500000, 0x00000006c2500000| Untracked 
|  38|0x00000006c2600000, 0x00000006c2600000, 0x00000006c2700000|  0%| F|  |TAMS 0x00000006c2600000, 0x00000006c2600000| Untracked 
|  39|0x00000006c2700000, 0x00000006c2700000, 0x00000006c2800000|  0%| F|  |TAMS 0x00000006c2700000, 0x00000006c2700000| Untracked 
|  40|0x00000006c2800000, 0x00000006c2800000, 0x00000006c2900000|  0%| F|  |TAMS 0x00000006c2800000, 0x00000006c2800000| Untracked 
|  41|0x00000006c2900000, 0x00000006c2900000, 0x00000006c2a00000|  0%| F|  |TAMS 0x00000006c2900000, 0x00000006c2900000| Untracked 
|  42|0x00000006c2a00000, 0x00000006c2a00000, 0x00000006c2b00000|  0%| F|  |TAMS 0x00000006c2a00000, 0x00000006c2a00000| Untracked 
|  43|0x00000006c2b00000, 0x00000006c2b00000, 0x00000006c2c00000|  0%| F|  |TAMS 0x00000006c2b00000, 0x00000006c2b00000| Untracked 
|  44|0x00000006c2c00000, 0x00000006c2c00000, 0x00000006c2d00000|  0%| F|  |TAMS 0x00000006c2c00000, 0x00000006c2c00000| Untracked 
|  45|0x00000006c2d00000, 0x00000006c2d00000, 0x00000006c2e00000|  0%| F|  |TAMS 0x00000006c2d00000, 0x00000006c2d00000| Untracked 
|  46|0x00000006c2e00000, 0x00000006c2e00000, 0x00000006c2f00000|  0%| F|  |TAMS 0x00000006c2e00000, 0x00000006c2e00000| Untracked 
|  47|0x00000006c2f00000, 0x00000006c2f00000, 0x00000006c3000000|  0%| F|  |TAMS 0x00000006c2f00000, 0x00000006c2f00000| Untracked 
|  48|0x00000006c3000000, 0x00000006c3000000, 0x00000006c3100000|  0%| F|  |TAMS 0x00000006c3000000, 0x00000006c3000000| Untracked 
|  49|0x00000006c3100000, 0x00000006c3100000, 0x00000006c3200000|  0%| F|  |TAMS 0x00000006c3100000, 0x00000006c3100000| Untracked 
|  50|0x00000006c3200000, 0x00000006c3200000, 0x00000006c3300000|  0%| F|  |TAMS 0x00000006c3200000, 0x00000006c3200000| Untracked 
|  51|0x00000006c3300000, 0x00000006c3300000, 0x00000006c3400000|  0%| F|  |TAMS 0x00000006c3300000, 0x00000006c3300000| Untracked 
|  52|0x00000006c3400000, 0x00000006c3400000, 0x00000006c3500000|  0%| F|  |TAMS 0x00000006c3400000, 0x00000006c3400000| Untracked 
|  53|0x00000006c3500000, 0x00000006c3500000, 0x00000006c3600000|  0%| F|  |TAMS 0x00000006c3500000, 0x00000006c3500000| Untracked 
|  54|0x00000006c3600000, 0x00000006c3600000, 0x00000006c3700000|  0%| F|  |TAMS 0x00000006c3600000, 0x00000006c3600000| Untracked 
|  55|0x00000006c3700000, 0x00000006c3700000, 0x00000006c3800000|  0%| F|  |TAMS 0x00000006c3700000, 0x00000006c3700000| Untracked 
|  56|0x00000006c3800000, 0x00000006c3800000, 0x00000006c3900000|  0%| F|  |TAMS 0x00000006c3800000, 0x00000006c3800000| Untracked 
|  57|0x00000006c3900000, 0x00000006c3900000, 0x00000006c3a00000|  0%| F|  |TAMS 0x00000006c3900000, 0x00000006c3900000| Untracked 
|  58|0x00000006c3a00000, 0x00000006c3a00000, 0x00000006c3b00000|  0%| F|  |TAMS 0x00000006c3a00000, 0x00000006c3a00000| Untracked 
|  59|0x00000006c3b00000, 0x00000006c3b00000, 0x00000006c3c00000|  0%| F|  |TAMS 0x00000006c3b00000, 0x00000006c3b00000| Untracked 
|  60|0x00000006c3c00000, 0x00000006c3c00000, 0x00000006c3d00000|  0%| F|  |TAMS 0x00000006c3c00000, 0x00000006c3c00000| Untracked 
|  61|0x00000006c3d00000, 0x00000006c3d00000, 0x00000006c3e00000|  0%| F|  |TAMS 0x00000006c3d00000, 0x00000006c3d00000| Untracked 
|  62|0x00000006c3e00000, 0x00000006c3e00000, 0x00000006c3f00000|  0%| F|  |TAMS 0x00000006c3e00000, 0x00000006c3e00000| Untracked 
|  63|0x00000006c3f00000, 0x00000006c3f00000, 0x00000006c4000000|  0%| F|  |TAMS 0x00000006c3f00000, 0x00000006c3f00000| Untracked 
|  64|0x00000006c4000000, 0x00000006c4000000, 0x00000006c4100000|  0%| F|  |TAMS 0x00000006c4000000, 0x00000006c4000000| Untracked 
|  65|0x00000006c4100000, 0x00000006c4100000, 0x00000006c4200000|  0%| F|  |TAMS 0x00000006c4100000, 0x00000006c4100000| Untracked 
|  66|0x00000006c4200000, 0x00000006c4200000, 0x00000006c4300000|  0%| F|  |TAMS 0x00000006c4200000, 0x00000006c4200000| Untracked 
|  67|0x00000006c4300000, 0x00000006c4300000, 0x00000006c4400000|  0%| F|  |TAMS 0x00000006c4300000, 0x00000006c4300000| Untracked 
|  68|0x00000006c4400000, 0x00000006c4400000, 0x00000006c4500000|  0%| F|  |TAMS 0x00000006c4400000, 0x00000006c4400000| Untracked 
|  69|0x00000006c4500000, 0x00000006c4500000, 0x00000006c4600000|  0%| F|  |TAMS 0x00000006c4500000, 0x00000006c4500000| Untracked 
|  70|0x00000006c4600000, 0x00000006c4600000, 0x00000006c4700000|  0%| F|  |TAMS 0x00000006c4600000, 0x00000006c4600000| Untracked 
|  71|0x00000006c4700000, 0x00000006c4700000, 0x00000006c4800000|  0%| F|  |TAMS 0x00000006c4700000, 0x00000006c4700000| Untracked 
|  72|0x00000006c4800000, 0x00000006c4800000, 0x00000006c4900000|  0%| F|  |TAMS 0x00000006c4800000, 0x00000006c4800000| Untracked 
|  73|0x00000006c4900000, 0x00000006c4900000, 0x00000006c4a00000|  0%| F|  |TAMS 0x00000006c4900000, 0x00000006c4900000| Untracked 
|  74|0x00000006c4a00000, 0x00000006c4a00000, 0x00000006c4b00000|  0%| F|  |TAMS 0x00000006c4a00000, 0x00000006c4a00000| Untracked 
|  75|0x00000006c4b00000, 0x00000006c4b00000, 0x00000006c4c00000|  0%| F|  |TAMS 0x00000006c4b00000, 0x00000006c4b00000| Untracked 
|  76|0x00000006c4c00000, 0x00000006c4c00000, 0x00000006c4d00000|  0%| F|  |TAMS 0x00000006c4c00000, 0x00000006c4c00000| Untracked 
|  77|0x00000006c4d00000, 0x00000006c4d00000, 0x00000006c4e00000|  0%| F|  |TAMS 0x00000006c4d00000, 0x00000006c4d00000| Untracked 
|  78|0x00000006c4e00000, 0x00000006c4e00000, 0x00000006c4f00000|  0%| F|  |TAMS 0x00000006c4e00000, 0x00000006c4e00000| Untracked 
|  79|0x00000006c4f00000, 0x00000006c4f00000, 0x00000006c5000000|  0%| F|  |TAMS 0x00000006c4f00000, 0x00000006c4f00000| Untracked 
|  80|0x00000006c5000000, 0x00000006c5000000, 0x00000006c5100000|  0%| F|  |TAMS 0x00000006c5000000, 0x00000006c5000000| Untracked 
|  81|0x00000006c5100000, 0x00000006c5100000, 0x00000006c5200000|  0%| F|  |TAMS 0x00000006c5100000, 0x00000006c5100000| Untracked 
|  82|0x00000006c5200000, 0x00000006c5200000, 0x00000006c5300000|  0%| F|  |TAMS 0x00000006c5200000, 0x00000006c5200000| Untracked 
|  83|0x00000006c5300000, 0x00000006c5300000, 0x00000006c5400000|  0%| F|  |TAMS 0x00000006c5300000, 0x00000006c5300000| Untracked 
|  84|0x00000006c5400000, 0x00000006c5400000, 0x00000006c5500000|  0%| F|  |TAMS 0x00000006c5400000, 0x00000006c5400000| Untracked 
|  85|0x00000006c5500000, 0x00000006c5500000, 0x00000006c5600000|  0%| F|  |TAMS 0x00000006c5500000, 0x00000006c5500000| Untracked 
|  86|0x00000006c5600000, 0x00000006c5600000, 0x00000006c5700000|  0%| F|  |TAMS 0x00000006c5600000, 0x00000006c5600000| Untracked 
|  87|0x00000006c5700000, 0x00000006c5700000, 0x00000006c5800000|  0%| F|  |TAMS 0x00000006c5700000, 0x00000006c5700000| Untracked 
|  88|0x00000006c5800000, 0x00000006c5800000, 0x00000006c5900000|  0%| F|  |TAMS 0x00000006c5800000, 0x00000006c5800000| Untracked 
|  89|0x00000006c5900000, 0x00000006c5900000, 0x00000006c5a00000|  0%| F|  |TAMS 0x00000006c5900000, 0x00000006c5900000| Untracked 
|  90|0x00000006c5a00000, 0x00000006c5a00000, 0x00000006c5b00000|  0%| F|  |TAMS 0x00000006c5a00000, 0x00000006c5a00000| Untracked 
|  91|0x00000006c5b00000, 0x00000006c5b00000, 0x00000006c5c00000|  0%| F|  |TAMS 0x00000006c5b00000, 0x00000006c5b00000| Untracked 
|  92|0x00000006c5c00000, 0x00000006c5c00000, 0x00000006c5d00000|  0%| F|  |TAMS 0x00000006c5c00000, 0x00000006c5c00000| Untracked 
|  93|0x00000006c5d00000, 0x00000006c5d00000, 0x00000006c5e00000|  0%| F|  |TAMS 0x00000006c5d00000, 0x00000006c5d00000| Untracked 
|  94|0x00000006c5e00000, 0x00000006c5e00000, 0x00000006c5f00000|  0%| F|  |TAMS 0x00000006c5e00000, 0x00000006c5e00000| Untracked 
|  95|0x00000006c5f00000, 0x00000006c5f00000, 0x00000006c6000000|  0%| F|  |TAMS 0x00000006c5f00000, 0x00000006c5f00000| Untracked 
|  96|0x00000006c6000000, 0x00000006c6000000, 0x00000006c6100000|  0%| F|  |TAMS 0x00000006c6000000, 0x00000006c6000000| Untracked 
|  97|0x00000006c6100000, 0x00000006c6100000, 0x00000006c6200000|  0%| F|  |TAMS 0x00000006c6100000, 0x00000006c6100000| Untracked 
|  98|0x00000006c6200000, 0x00000006c6200000, 0x00000006c6300000|  0%| F|  |TAMS 0x00000006c6200000, 0x00000006c6200000| Untracked 
|  99|0x00000006c6300000, 0x00000006c6300000, 0x00000006c6400000|  0%| F|  |TAMS 0x00000006c6300000, 0x00000006c6300000| Untracked 
| 100|0x00000006c6400000, 0x00000006c6400000, 0x00000006c6500000|  0%| F|  |TAMS 0x00000006c6400000, 0x00000006c6400000| Untracked 
| 101|0x00000006c6500000, 0x00000006c6500000, 0x00000006c6600000|  0%| F|  |TAMS 0x00000006c6500000, 0x00000006c6500000| Untracked 
| 102|0x00000006c6600000, 0x00000006c6600000, 0x00000006c6700000|  0%| F|  |TAMS 0x00000006c6600000, 0x00000006c6600000| Untracked 
| 103|0x00000006c6700000, 0x00000006c6700000, 0x00000006c6800000|  0%| F|  |TAMS 0x00000006c6700000, 0x00000006c6700000| Untracked 
| 104|0x00000006c6800000, 0x00000006c6800000, 0x00000006c6900000|  0%| F|  |TAMS 0x00000006c6800000, 0x00000006c6800000| Untracked 
| 105|0x00000006c6900000, 0x00000006c6900000, 0x00000006c6a00000|  0%| F|  |TAMS 0x00000006c6900000, 0x00000006c6900000| Untracked 
| 106|0x00000006c6a00000, 0x00000006c6a00000, 0x00000006c6b00000|  0%| F|  |TAMS 0x00000006c6a00000, 0x00000006c6a00000| Untracked 
| 107|0x00000006c6b00000, 0x00000006c6b00000, 0x00000006c6c00000|  0%| F|  |TAMS 0x00000006c6b00000, 0x00000006c6b00000| Untracked 
| 108|0x00000006c6c00000, 0x00000006c6c00000, 0x00000006c6d00000|  0%| F|  |TAMS 0x00000006c6c00000, 0x00000006c6c00000| Untracked 
| 109|0x00000006c6d00000, 0x00000006c6d00000, 0x00000006c6e00000|  0%| F|  |TAMS 0x00000006c6d00000, 0x00000006c6d00000| Untracked 
| 110|0x00000006c6e00000, 0x00000006c6e00000, 0x00000006c6f00000|  0%| F|  |TAMS 0x00000006c6e00000, 0x00000006c6e00000| Untracked 
| 111|0x00000006c6f00000, 0x00000006c6f00000, 0x00000006c7000000|  0%| F|  |TAMS 0x00000006c6f00000, 0x00000006c6f00000| Untracked 
| 112|0x00000006c7000000, 0x00000006c7000000, 0x00000006c7100000|  0%| F|  |TAMS 0x00000006c7000000, 0x00000006c7000000| Untracked 
| 113|0x00000006c7100000, 0x00000006c7100000, 0x00000006c7200000|  0%| F|  |TAMS 0x00000006c7100000, 0x00000006c7100000| Untracked 
| 114|0x00000006c7200000, 0x00000006c7200000, 0x00000006c7300000|  0%| F|  |TAMS 0x00000006c7200000, 0x00000006c7200000| Untracked 
| 115|0x00000006c7300000, 0x00000006c7300000, 0x00000006c7400000|  0%| F|  |TAMS 0x00000006c7300000, 0x00000006c7300000| Untracked 
| 116|0x00000006c7400000, 0x00000006c7400000, 0x00000006c7500000|  0%| F|  |TAMS 0x00000006c7400000, 0x00000006c7400000| Untracked 
| 117|0x00000006c7500000, 0x00000006c7500000, 0x00000006c7600000|  0%| F|  |TAMS 0x00000006c7500000, 0x00000006c7500000| Untracked 
| 118|0x00000006c7600000, 0x00000006c7600000, 0x00000006c7700000|  0%| F|  |TAMS 0x00000006c7600000, 0x00000006c7600000| Untracked 
| 119|0x00000006c7700000, 0x00000006c7700000, 0x00000006c7800000|  0%| F|  |TAMS 0x00000006c7700000, 0x00000006c7700000| Untracked 
| 120|0x00000006c7800000, 0x00000006c7800000, 0x00000006c7900000|  0%| F|  |TAMS 0x00000006c7800000, 0x00000006c7800000| Untracked 
| 121|0x00000006c7900000, 0x00000006c7900000, 0x00000006c7a00000|  0%| F|  |TAMS 0x00000006c7900000, 0x00000006c7900000| Untracked 
| 122|0x00000006c7a00000, 0x00000006c7a00000, 0x00000006c7b00000|  0%| F|  |TAMS 0x00000006c7a00000, 0x00000006c7a00000| Untracked 
| 123|0x00000006c7b00000, 0x00000006c7b00000, 0x00000006c7c00000|  0%| F|  |TAMS 0x00000006c7b00000, 0x00000006c7b00000| Untracked 
| 124|0x00000006c7c00000, 0x00000006c7c00000, 0x00000006c7d00000|  0%| F|  |TAMS 0x00000006c7c00000, 0x00000006c7c00000| Untracked 
| 125|0x00000006c7d00000, 0x00000006c7d00000, 0x00000006c7e00000|  0%| F|  |TAMS 0x00000006c7d00000, 0x00000006c7d00000| Untracked 
| 126|0x00000006c7e00000, 0x00000006c7e00000, 0x00000006c7f00000|  0%| F|  |TAMS 0x00000006c7e00000, 0x00000006c7e00000| Untracked 
| 127|0x00000006c7f00000, 0x00000006c7f00000, 0x00000006c8000000|  0%| F|  |TAMS 0x00000006c7f00000, 0x00000006c7f00000| Untracked 
| 128|0x00000006c8000000, 0x00000006c8000000, 0x00000006c8100000|  0%| F|  |TAMS 0x00000006c8000000, 0x00000006c8000000| Untracked 
| 129|0x00000006c8100000, 0x00000006c8100000, 0x00000006c8200000|  0%| F|  |TAMS 0x00000006c8100000, 0x00000006c8100000| Untracked 
| 130|0x00000006c8200000, 0x00000006c8200000, 0x00000006c8300000|  0%| F|  |TAMS 0x00000006c8200000, 0x00000006c8200000| Untracked 
| 131|0x00000006c8300000, 0x00000006c8300000, 0x00000006c8400000|  0%| F|  |TAMS 0x00000006c8300000, 0x00000006c8300000| Untracked 
| 132|0x00000006c8400000, 0x00000006c8400000, 0x00000006c8500000|  0%| F|  |TAMS 0x00000006c8400000, 0x00000006c8400000| Untracked 
| 133|0x00000006c8500000, 0x00000006c8500000, 0x00000006c8600000|  0%| F|  |TAMS 0x00000006c8500000, 0x00000006c8500000| Untracked 
| 134|0x00000006c8600000, 0x00000006c8600000, 0x00000006c8700000|  0%| F|  |TAMS 0x00000006c8600000, 0x00000006c8600000| Untracked 
| 135|0x00000006c8700000, 0x00000006c8700000, 0x00000006c8800000|  0%| F|  |TAMS 0x00000006c8700000, 0x00000006c8700000| Untracked 
| 136|0x00000006c8800000, 0x00000006c8800000, 0x00000006c8900000|  0%| F|  |TAMS 0x00000006c8800000, 0x00000006c8800000| Untracked 
| 137|0x00000006c8900000, 0x00000006c8900000, 0x00000006c8a00000|  0%| F|  |TAMS 0x00000006c8900000, 0x00000006c8900000| Untracked 
| 138|0x00000006c8a00000, 0x00000006c8a00000, 0x00000006c8b00000|  0%| F|  |TAMS 0x00000006c8a00000, 0x00000006c8a00000| Untracked 
| 139|0x00000006c8b00000, 0x00000006c8b00000, 0x00000006c8c00000|  0%| F|  |TAMS 0x00000006c8b00000, 0x00000006c8b00000| Untracked 
| 140|0x00000006c8c00000, 0x00000006c8c00000, 0x00000006c8d00000|  0%| F|  |TAMS 0x00000006c8c00000, 0x00000006c8c00000| Untracked 
| 141|0x00000006c8d00000, 0x00000006c8d00000, 0x00000006c8e00000|  0%| F|  |TAMS 0x00000006c8d00000, 0x00000006c8d00000| Untracked 
| 142|0x00000006c8e00000, 0x00000006c8e00000, 0x00000006c8f00000|  0%| F|  |TAMS 0x00000006c8e00000, 0x00000006c8e00000| Untracked 
| 143|0x00000006c8f00000, 0x00000006c8f00000, 0x00000006c9000000|  0%| F|  |TAMS 0x00000006c8f00000, 0x00000006c8f00000| Untracked 
| 144|0x00000006c9000000, 0x00000006c9000000, 0x00000006c9100000|  0%| F|  |TAMS 0x00000006c9000000, 0x00000006c9000000| Untracked 
| 145|0x00000006c9100000, 0x00000006c9100000, 0x00000006c9200000|  0%| F|  |TAMS 0x00000006c9100000, 0x00000006c9100000| Untracked 
| 146|0x00000006c9200000, 0x00000006c9200000, 0x00000006c9300000|  0%| F|  |TAMS 0x00000006c9200000, 0x00000006c9200000| Untracked 
| 147|0x00000006c9300000, 0x00000006c9300000, 0x00000006c9400000|  0%| F|  |TAMS 0x00000006c9300000, 0x00000006c9300000| Untracked 
| 148|0x00000006c9400000, 0x00000006c9400000, 0x00000006c9500000|  0%| F|  |TAMS 0x00000006c9400000, 0x00000006c9400000| Untracked 
| 149|0x00000006c9500000, 0x00000006c9500000, 0x00000006c9600000|  0%| F|  |TAMS 0x00000006c9500000, 0x00000006c9500000| Untracked 
| 150|0x00000006c9600000, 0x00000006c9600000, 0x00000006c9700000|  0%| F|  |TAMS 0x00000006c9600000, 0x00000006c9600000| Untracked 
| 151|0x00000006c9700000, 0x00000006c9700000, 0x00000006c9800000|  0%| F|  |TAMS 0x00000006c9700000, 0x00000006c9700000| Untracked 
| 152|0x00000006c9800000, 0x00000006c9800000, 0x00000006c9900000|  0%| F|  |TAMS 0x00000006c9800000, 0x00000006c9800000| Untracked 
| 153|0x00000006c9900000, 0x00000006c9900000, 0x00000006c9a00000|  0%| F|  |TAMS 0x00000006c9900000, 0x00000006c9900000| Untracked 
| 154|0x00000006c9a00000, 0x00000006c9a00000, 0x00000006c9b00000|  0%| F|  |TAMS 0x00000006c9a00000, 0x00000006c9a00000| Untracked 
| 155|0x00000006c9b00000, 0x00000006c9b00000, 0x00000006c9c00000|  0%| F|  |TAMS 0x00000006c9b00000, 0x00000006c9b00000| Untracked 
| 156|0x00000006c9c00000, 0x00000006c9c00000, 0x00000006c9d00000|  0%| F|  |TAMS 0x00000006c9c00000, 0x00000006c9c00000| Untracked 
| 157|0x00000006c9d00000, 0x00000006c9d00000, 0x00000006c9e00000|  0%| F|  |TAMS 0x00000006c9d00000, 0x00000006c9d00000| Untracked 
| 158|0x00000006c9e00000, 0x00000006c9e00000, 0x00000006c9f00000|  0%| F|  |TAMS 0x00000006c9e00000, 0x00000006c9e00000| Untracked 
| 159|0x00000006c9f00000, 0x00000006c9f00000, 0x00000006ca000000|  0%| F|  |TAMS 0x00000006c9f00000, 0x00000006c9f00000| Untracked 
| 160|0x00000006ca000000, 0x00000006ca000000, 0x00000006ca100000|  0%| F|  |TAMS 0x00000006ca000000, 0x00000006ca000000| Untracked 
| 161|0x00000006ca100000, 0x00000006ca100000, 0x00000006ca200000|  0%| F|  |TAMS 0x00000006ca100000, 0x00000006ca100000| Untracked 
| 162|0x00000006ca200000, 0x00000006ca200000, 0x00000006ca300000|  0%| F|  |TAMS 0x00000006ca200000, 0x00000006ca200000| Untracked 
| 163|0x00000006ca300000, 0x00000006ca300000, 0x00000006ca400000|  0%| F|  |TAMS 0x00000006ca300000, 0x00000006ca300000| Untracked 
| 164|0x00000006ca400000, 0x00000006ca400000, 0x00000006ca500000|  0%| F|  |TAMS 0x00000006ca400000, 0x00000006ca400000| Untracked 
| 165|0x00000006ca500000, 0x00000006ca500000, 0x00000006ca600000|  0%| F|  |TAMS 0x00000006ca500000, 0x00000006ca500000| Untracked 
| 166|0x00000006ca600000, 0x00000006ca600000, 0x00000006ca700000|  0%| F|  |TAMS 0x00000006ca600000, 0x00000006ca600000| Untracked 
| 167|0x00000006ca700000, 0x00000006ca700000, 0x00000006ca800000|  0%| F|  |TAMS 0x00000006ca700000, 0x00000006ca700000| Untracked 
| 168|0x00000006ca800000, 0x00000006ca800000, 0x00000006ca900000|  0%| F|  |TAMS 0x00000006ca800000, 0x00000006ca800000| Untracked 
| 169|0x00000006ca900000, 0x00000006ca900000, 0x00000006caa00000|  0%| F|  |TAMS 0x00000006ca900000, 0x00000006ca900000| Untracked 
| 170|0x00000006caa00000, 0x00000006caa00000, 0x00000006cab00000|  0%| F|  |TAMS 0x00000006caa00000, 0x00000006caa00000| Untracked 
| 171|0x00000006cab00000, 0x00000006cab00000, 0x00000006cac00000|  0%| F|  |TAMS 0x00000006cab00000, 0x00000006cab00000| Untracked 
| 172|0x00000006cac00000, 0x00000006cac00000, 0x00000006cad00000|  0%| F|  |TAMS 0x00000006cac00000, 0x00000006cac00000| Untracked 
| 173|0x00000006cad00000, 0x00000006cad00000, 0x00000006cae00000|  0%| F|  |TAMS 0x00000006cad00000, 0x00000006cad00000| Untracked 
| 174|0x00000006cae00000, 0x00000006cae00000, 0x00000006caf00000|  0%| F|  |TAMS 0x00000006cae00000, 0x00000006cae00000| Untracked 
| 175|0x00000006caf00000, 0x00000006caf00000, 0x00000006cb000000|  0%| F|  |TAMS 0x00000006caf00000, 0x00000006caf00000| Untracked 
| 176|0x00000006cb000000, 0x00000006cb000000, 0x00000006cb100000|  0%| F|  |TAMS 0x00000006cb000000, 0x00000006cb000000| Untracked 
| 177|0x00000006cb100000, 0x00000006cb100000, 0x00000006cb200000|  0%| F|  |TAMS 0x00000006cb100000, 0x00000006cb100000| Untracked 
| 178|0x00000006cb200000, 0x00000006cb200000, 0x00000006cb300000|  0%| F|  |TAMS 0x00000006cb200000, 0x00000006cb200000| Untracked 
| 179|0x00000006cb300000, 0x00000006cb300000, 0x00000006cb400000|  0%| F|  |TAMS 0x00000006cb300000, 0x00000006cb300000| Untracked 
| 180|0x00000006cb400000, 0x00000006cb400000, 0x00000006cb500000|  0%| F|  |TAMS 0x00000006cb400000, 0x00000006cb400000| Untracked 
| 181|0x00000006cb500000, 0x00000006cb500000, 0x00000006cb600000|  0%| F|  |TAMS 0x00000006cb500000, 0x00000006cb500000| Untracked 
| 182|0x00000006cb600000, 0x00000006cb600000, 0x00000006cb700000|  0%| F|  |TAMS 0x00000006cb600000, 0x00000006cb600000| Untracked 
| 183|0x00000006cb700000, 0x00000006cb700000, 0x00000006cb800000|  0%| F|  |TAMS 0x00000006cb700000, 0x00000006cb700000| Untracked 
| 184|0x00000006cb800000, 0x00000006cb800000, 0x00000006cb900000|  0%| F|  |TAMS 0x00000006cb800000, 0x00000006cb800000| Untracked 
| 185|0x00000006cb900000, 0x00000006cb900000, 0x00000006cba00000|  0%| F|  |TAMS 0x00000006cb900000, 0x00000006cb900000| Untracked 
| 186|0x00000006cba00000, 0x00000006cba00000, 0x00000006cbb00000|  0%| F|  |TAMS 0x00000006cba00000, 0x00000006cba00000| Untracked 
| 187|0x00000006cbb00000, 0x00000006cbb00000, 0x00000006cbc00000|  0%| F|  |TAMS 0x00000006cbb00000, 0x00000006cbb00000| Untracked 
| 188|0x00000006cbc00000, 0x00000006cbc00000, 0x00000006cbd00000|  0%| F|  |TAMS 0x00000006cbc00000, 0x00000006cbc00000| Untracked 
| 189|0x00000006cbd00000, 0x00000006cbd00000, 0x00000006cbe00000|  0%| F|  |TAMS 0x00000006cbd00000, 0x00000006cbd00000| Untracked 
| 190|0x00000006cbe00000, 0x00000006cbe00000, 0x00000006cbf00000|  0%| F|  |TAMS 0x00000006cbe00000, 0x00000006cbe00000| Untracked 
| 191|0x00000006cbf00000, 0x00000006cbf00000, 0x00000006cc000000|  0%| F|  |TAMS 0x00000006cbf00000, 0x00000006cbf00000| Untracked 
| 192|0x00000006cc000000, 0x00000006cc000000, 0x00000006cc100000|  0%| F|  |TAMS 0x00000006cc000000, 0x00000006cc000000| Untracked 
| 193|0x00000006cc100000, 0x00000006cc100000, 0x00000006cc200000|  0%| F|  |TAMS 0x00000006cc100000, 0x00000006cc100000| Untracked 
| 194|0x00000006cc200000, 0x00000006cc200000, 0x00000006cc300000|  0%| F|  |TAMS 0x00000006cc200000, 0x00000006cc200000| Untracked 
| 195|0x00000006cc300000, 0x00000006cc300000, 0x00000006cc400000|  0%| F|  |TAMS 0x00000006cc300000, 0x00000006cc300000| Untracked 
| 196|0x00000006cc400000, 0x00000006cc400000, 0x00000006cc500000|  0%| F|  |TAMS 0x00000006cc400000, 0x00000006cc400000| Untracked 
| 197|0x00000006cc500000, 0x00000006cc500000, 0x00000006cc600000|  0%| F|  |TAMS 0x00000006cc500000, 0x00000006cc500000| Untracked 
| 198|0x00000006cc600000, 0x00000006cc600000, 0x00000006cc700000|  0%| F|  |TAMS 0x00000006cc600000, 0x00000006cc600000| Untracked 
| 199|0x00000006cc700000, 0x00000006cc700000, 0x00000006cc800000|  0%| F|  |TAMS 0x00000006cc700000, 0x00000006cc700000| Untracked 
| 200|0x00000006cc800000, 0x00000006cc800000, 0x00000006cc900000|  0%| F|  |TAMS 0x00000006cc800000, 0x00000006cc800000| Untracked 
| 201|0x00000006cc900000, 0x00000006cc900000, 0x00000006cca00000|  0%| F|  |TAMS 0x00000006cc900000, 0x00000006cc900000| Untracked 
| 202|0x00000006cca00000, 0x00000006cca00000, 0x00000006ccb00000|  0%| F|  |TAMS 0x00000006cca00000, 0x00000006cca00000| Untracked 
| 203|0x00000006ccb00000, 0x00000006ccb00000, 0x00000006ccc00000|  0%| F|  |TAMS 0x00000006ccb00000, 0x00000006ccb00000| Untracked 
| 204|0x00000006ccc00000, 0x00000006ccc00000, 0x00000006ccd00000|  0%| F|  |TAMS 0x00000006ccc00000, 0x00000006ccc00000| Untracked 
| 205|0x00000006ccd00000, 0x00000006ccd00000, 0x00000006cce00000|  0%| F|  |TAMS 0x00000006ccd00000, 0x00000006ccd00000| Untracked 
| 206|0x00000006cce00000, 0x00000006cce00000, 0x00000006ccf00000|  0%| F|  |TAMS 0x00000006cce00000, 0x00000006cce00000| Untracked 
| 207|0x00000006ccf00000, 0x00000006ccf00000, 0x00000006cd000000|  0%| F|  |TAMS 0x00000006ccf00000, 0x00000006ccf00000| Untracked 
| 208|0x00000006cd000000, 0x00000006cd000000, 0x00000006cd100000|  0%| F|  |TAMS 0x00000006cd000000, 0x00000006cd000000| Untracked 
| 209|0x00000006cd100000, 0x00000006cd100000, 0x00000006cd200000|  0%| F|  |TAMS 0x00000006cd100000, 0x00000006cd100000| Untracked 
| 210|0x00000006cd200000, 0x00000006cd200000, 0x00000006cd300000|  0%| F|  |TAMS 0x00000006cd200000, 0x00000006cd200000| Untracked 
| 211|0x00000006cd300000, 0x00000006cd300000, 0x00000006cd400000|  0%| F|  |TAMS 0x00000006cd300000, 0x00000006cd300000| Untracked 
| 212|0x00000006cd400000, 0x00000006cd400000, 0x00000006cd500000|  0%| F|  |TAMS 0x00000006cd400000, 0x00000006cd400000| Untracked 
| 213|0x00000006cd500000, 0x00000006cd500000, 0x00000006cd600000|  0%| F|  |TAMS 0x00000006cd500000, 0x00000006cd500000| Untracked 
| 214|0x00000006cd600000, 0x00000006cd600000, 0x00000006cd700000|  0%| F|  |TAMS 0x00000006cd600000, 0x00000006cd600000| Untracked 
| 215|0x00000006cd700000, 0x00000006cd700000, 0x00000006cd800000|  0%| F|  |TAMS 0x00000006cd700000, 0x00000006cd700000| Untracked 
| 216|0x00000006cd800000, 0x00000006cd800000, 0x00000006cd900000|  0%| F|  |TAMS 0x00000006cd800000, 0x00000006cd800000| Untracked 
| 217|0x00000006cd900000, 0x00000006cd900000, 0x00000006cda00000|  0%| F|  |TAMS 0x00000006cd900000, 0x00000006cd900000| Untracked 
| 218|0x00000006cda00000, 0x00000006cda00000, 0x00000006cdb00000|  0%| F|  |TAMS 0x00000006cda00000, 0x00000006cda00000| Untracked 
| 219|0x00000006cdb00000, 0x00000006cdb00000, 0x00000006cdc00000|  0%| F|  |TAMS 0x00000006cdb00000, 0x00000006cdb00000| Untracked 
| 220|0x00000006cdc00000, 0x00000006cdc00000, 0x00000006cdd00000|  0%| F|  |TAMS 0x00000006cdc00000, 0x00000006cdc00000| Untracked 
| 221|0x00000006cdd00000, 0x00000006cdd00000, 0x00000006cde00000|  0%| F|  |TAMS 0x00000006cdd00000, 0x00000006cdd00000| Untracked 
| 222|0x00000006cde00000, 0x00000006cde00000, 0x00000006cdf00000|  0%| F|  |TAMS 0x00000006cde00000, 0x00000006cde00000| Untracked 
| 223|0x00000006cdf00000, 0x00000006cdf00000, 0x00000006ce000000|  0%| F|  |TAMS 0x00000006cdf00000, 0x00000006cdf00000| Untracked 
| 224|0x00000006ce000000, 0x00000006ce000000, 0x00000006ce100000|  0%| F|  |TAMS 0x00000006ce000000, 0x00000006ce000000| Untracked 
| 225|0x00000006ce100000, 0x00000006ce100000, 0x00000006ce200000|  0%| F|  |TAMS 0x00000006ce100000, 0x00000006ce100000| Untracked 
| 226|0x00000006ce200000, 0x00000006ce200000, 0x00000006ce300000|  0%| F|  |TAMS 0x00000006ce200000, 0x00000006ce200000| Untracked 
| 227|0x00000006ce300000, 0x00000006ce300000, 0x00000006ce400000|  0%| F|  |TAMS 0x00000006ce300000, 0x00000006ce300000| Untracked 
| 228|0x00000006ce400000, 0x00000006ce400000, 0x00000006ce500000|  0%| F|  |TAMS 0x00000006ce400000, 0x00000006ce400000| Untracked 
| 229|0x00000006ce500000, 0x00000006ce500000, 0x00000006ce600000|  0%| F|  |TAMS 0x00000006ce500000, 0x00000006ce500000| Untracked 
| 230|0x00000006ce600000, 0x00000006ce600000, 0x00000006ce700000|  0%| F|  |TAMS 0x00000006ce600000, 0x00000006ce600000| Untracked 
| 231|0x00000006ce700000, 0x00000006ce700000, 0x00000006ce800000|  0%| F|  |TAMS 0x00000006ce700000, 0x00000006ce700000| Untracked 
| 232|0x00000006ce800000, 0x00000006ce800000, 0x00000006ce900000|  0%| F|  |TAMS 0x00000006ce800000, 0x00000006ce800000| Untracked 
| 233|0x00000006ce900000, 0x00000006ce900000, 0x00000006cea00000|  0%| F|  |TAMS 0x00000006ce900000, 0x00000006ce900000| Untracked 
| 234|0x00000006cea00000, 0x00000006cea00000, 0x00000006ceb00000|  0%| F|  |TAMS 0x00000006cea00000, 0x00000006cea00000| Untracked 
| 235|0x00000006ceb00000, 0x00000006ceb00000, 0x00000006cec00000|  0%| F|  |TAMS 0x00000006ceb00000, 0x00000006ceb00000| Untracked 
| 236|0x00000006cec00000, 0x00000006cec00000, 0x00000006ced00000|  0%| F|  |TAMS 0x00000006cec00000, 0x00000006cec00000| Untracked 
| 237|0x00000006ced00000, 0x00000006ced00000, 0x00000006cee00000|  0%| F|  |TAMS 0x00000006ced00000, 0x00000006ced00000| Untracked 
| 238|0x00000006cee00000, 0x00000006cee00000, 0x00000006cef00000|  0%| F|  |TAMS 0x00000006cee00000, 0x00000006cee00000| Untracked 
| 239|0x00000006cef00000, 0x00000006cef00000, 0x00000006cf000000|  0%| F|  |TAMS 0x00000006cef00000, 0x00000006cef00000| Untracked 
| 240|0x00000006cf000000, 0x00000006cf000000, 0x00000006cf100000|  0%| F|  |TAMS 0x00000006cf000000, 0x00000006cf000000| Untracked 
| 241|0x00000006cf100000, 0x00000006cf11ccd0, 0x00000006cf200000| 11%| E|  |TAMS 0x00000006cf100000, 0x00000006cf100000| Complete 
| 242|0x00000006cf200000, 0x00000006cf2fb648, 0x00000006cf300000| 98%| E|  |TAMS 0x00000006cf200000, 0x00000006cf200000| Complete 
| 243|0x00000006cf300000, 0x00000006cf400000, 0x00000006cf400000|100%| E|CS|TAMS 0x00000006cf300000, 0x00000006cf300000| Complete 
| 244|0x00000006cf400000, 0x00000006cf500000, 0x00000006cf500000|100%| E|CS|TAMS 0x00000006cf400000, 0x00000006cf400000| Complete 
| 245|0x00000006cf500000, 0x00000006cf600000, 0x00000006cf600000|100%| E|CS|TAMS 0x00000006cf500000, 0x00000006cf500000| Complete 
| 246|0x00000006cf600000, 0x00000006cf700000, 0x00000006cf700000|100%| E|CS|TAMS 0x00000006cf600000, 0x00000006cf600000| Complete 
| 247|0x00000006cf700000, 0x00000006cf800000, 0x00000006cf800000|100%| E|CS|TAMS 0x00000006cf700000, 0x00000006cf700000| Complete 
| 248|0x00000006cf800000, 0x00000006cf900000, 0x00000006cf900000|100%| E|CS|TAMS 0x00000006cf800000, 0x00000006cf800000| Complete 
| 249|0x00000006cf900000, 0x00000006cfa00000, 0x00000006cfa00000|100%| E|CS|TAMS 0x00000006cf900000, 0x00000006cf900000| Complete 
| 250|0x00000006cfa00000, 0x00000006cfb00000, 0x00000006cfb00000|100%| E|CS|TAMS 0x00000006cfa00000, 0x00000006cfa00000| Complete 
| 251|0x00000006cfb00000, 0x00000006cfc00000, 0x00000006cfc00000|100%| E|CS|TAMS 0x00000006cfb00000, 0x00000006cfb00000| Complete 
| 252|0x00000006cfc00000, 0x00000006cfd00000, 0x00000006cfd00000|100%| E|CS|TAMS 0x00000006cfc00000, 0x00000006cfc00000| Complete 
| 253|0x00000006cfd00000, 0x00000006cfe00000, 0x00000006cfe00000|100%| E|CS|TAMS 0x00000006cfd00000, 0x00000006cfd00000| Complete 
| 254|0x00000006cfe00000, 0x00000006cff00000, 0x00000006cff00000|100%| E|CS|TAMS 0x00000006cfe00000, 0x00000006cfe00000| Complete 
| 255|0x00000006cff00000, 0x00000006d0000000, 0x00000006d0000000|100%| E|CS|TAMS 0x00000006cff00000, 0x00000006cff00000| Complete 

Card table byte_map: [0x000000011bec0000,0x000000011c6c0000] _byte_map_base: 0x00000001188c0000

Marking Bits (Prev, Next): (CMBitMap*) 0x0000000128013818, (CMBitMap*) 0x0000000128013850
 Prev Bits: [0x0000000128800000, 0x000000012c800000)
 Next Bits: [0x0000000138000000, 0x000000013c000000)

Polling page: 0x0000000104164000

Metaspace:

Usage:
  Non-class:      8.95 MB capacity,     8.87 MB (>99%) used,    68.47 KB ( <1%) free+waste,     8.00 KB ( <1%) overhead. 
      Class:    875.00 KB capacity,   831.95 KB ( 95%) used,    39.92 KB (  5%) free+waste,     3.12 KB ( <1%) overhead. 
       Both:      9.80 MB capacity,     9.68 MB ( 99%) used,   108.39 KB (  1%) free+waste,    11.12 KB ( <1%) overhead. 

Virtual space:
  Non-class space:       10.00 MB reserved,       9.00 MB ( 90%) committed 
      Class space:        1.00 GB reserved,     896.00 KB ( <1%) committed 
             Both:        1.01 GB reserved,       9.88 MB ( <1%) committed 

Chunk freelists:
   Non-Class:  6.88 KB
       Class:  2.62 KB
        Both:  9.50 KB

CodeHeap 'non-profiled nmethods': size=120032Kb used=253Kb max_used=253Kb free=119778Kb
 bounds [0x0000000114988000, 0x0000000114bf8000, 0x000000011bec0000]
CodeHeap 'profiled nmethods': size=120016Kb used=1047Kb max_used=1047Kb free=118968Kb
 bounds [0x000000010d454000, 0x000000010d6c4000, 0x0000000114988000]
CodeHeap 'non-nmethods': size=5712Kb used=1040Kb max_used=1070Kb free=4671Kb
 bounds [0x000000010cec0000, 0x000000010d130000, 0x000000010d454000]
 total_blobs=1022 nmethods=671 adapters=275
 compilation: enabled
              stopped_count=0, restarted_count=0
 full_count=0

Compilation events (10 events):
Event: 240.707 Thread 0x0000000128169000  667       3       helpers.Vector::vectorEmpty (11 bytes)
Event: 240.707 Thread 0x0000000128169000 nmethod 667 0x000000010d557a10 code [0x000000010d557bc0, 0x000000010d557dd0]
Event: 355.038 Thread 0x0000000128169000  668   !   3       parser.Parser::$SWITCH_TABLE$lexer$TokenType (129 bytes)
Event: 355.040 Thread 0x0000000128169000 nmethod 668 0x000000010d557e90 code [0x000000010d558100, 0x000000010d558a40]
Event: 415.672 Thread 0x0000000128169000  669       3       parser.ExpressionableOpPrecedenceGroup::<init> (10 bytes)
Event: 415.672 Thread 0x0000000128169000 nmethod 669 0x000000010d558f90 code [0x000000010d559140, 0x000000010d559350]
Event: 415.672 Thread 0x0000000128169000  670       3       parser.ExpressionableOpPrecedenceGroup::setPrecedence (9 bytes)
Event: 415.672 Thread 0x0000000128169000 nmethod 670 0x000000010d559410 code [0x000000010d559600, 0x000000010d559a90]
Event: 1520.185 Thread 0x0000000128168000  671       4       org.eclipse.jdt.launching.internal.org.objectweb.asm.SymbolTable::addConstantUtf8 (98 bytes)
Event: 1520.189 Thread 0x0000000128168000 nmethod 671 0x00000001149c6610 code [0x00000001149c6880, 0x00000001149c6fd0]

GC Heap History (0 events):
No events

Deoptimization events (2 events):
Event: 0.172 Thread 0x000000012800d000 Uncommon trap: reason=unstable_if action=reinterpret pc=0x0000000114995238 method=java.util.HashMap.putVal(ILjava/lang/Object;Ljava/lang/Object;ZZ)Ljava/lang/Object; @ 181 c2
Event: 9.066 Thread 0x000000012800d000 Uncommon trap: reason=unstable_if action=reinterpret pc=0x00000001149b706c method=lexer.SymbolTable.S_EQ(Ljava/lang/String;Ljava/lang/String;)Z @ 1 c2

Classes redefined (2 events):
Event: 1423.595 Thread 0x000000012814a800 redefined class name=parser.Parser, count=1
Event: 1520.195 Thread 0x000000012814a800 redefined class name=parser.Parser, count=2

Internal exceptions (6 events):
Event: 0.034 Thread 0x000000012800d000 Exception <a 'java/lang/NoSuchMethodError'{0x00000006cff686f8}: java.lang.invoke.Invokers$Holder.invokeExact_MT(Ljava/lang/Object;Ljava/lang/Object;Ljava/lang/Object;Ljava/lang/Object;Ljava/lang/Object;Ljava/lang/Object;Ljava/lang/Object;Ljava/lang/Object
Event: 0.039 Thread 0x000000012800d000 Exception <a 'java/lang/NoSuchMethodError'{0x00000006cfe00310}: java.lang.invoke.Invokers$Holder.linkToTargetMethod(Ljava/lang/Object;)Ljava/lang/Object;> (0x00000006cfe00310) thrown at [open/src/hotspot/share/interpreter/linkResolver.cpp, line 772]
Event: 0.040 Thread 0x000000012800d000 Exception <a 'java/lang/NoSuchMethodError'{0x00000006cfe09e08}: java.lang.invoke.Invokers$Holder.linkToTargetMethod(Ljava/lang/Object;Ljava/lang/Object;)Ljava/lang/Object;> (0x00000006cfe09e08) thrown at [open/src/hotspot/share/interpreter/linkResolver.cp
Event: 0.186 Thread 0x000000012800d000 Exception <a 'java/lang/NoSuchMethodError'{0x00000006cfda9d30}: java.lang.invoke.DirectMethodHandle$Holder.invokeStatic(Ljava/lang/Object;I)Ljava/lang/Object;> (0x00000006cfda9d30) thrown at [open/src/hotspot/share/interpreter/linkResolver.cpp, line 772]
Event: 0.186 Thread 0x000000012800d000 Exception <a 'java/lang/NoSuchMethodError'{0x00000006cfdad628}: java.lang.invoke.Invokers$Holder.linkToTargetMethod(ILjava/lang/Object;)Ljava/lang/Object;> (0x00000006cfdad628) thrown at [open/src/hotspot/share/interpreter/linkResolver.cpp, line 772]
Event: 9.066 Thread 0x000000012800d000 Implicit null exception at 0x00000001149b6f54 to 0x00000001149b7060

Events (10 events):
Event: 1520.320 Executing VM operation: GetOwnedMonitorInfo done
Event: 1520.320 Executing VM operation: GetCurrentContendedMonitor
Event: 1520.320 Executing VM operation: GetCurrentContendedMonitor done
Event: 1520.320 Executing VM operation: GetFrameCount
Event: 1520.320 Executing VM operation: GetFrameCount done
Event: 1520.320 Executing VM operation: GetOwnedMonitorInfo
Event: 1520.320 Executing VM operation: GetOwnedMonitorInfo done
Event: 1520.321 Executing VM operation: GetCurrentContendedMonitor
Event: 1520.321 Executing VM operation: GetCurrentContendedMonitor done
Event: 1520.368 Executing VM operation: GetOrSetLocal


Dynamic libraries:
0x00000001040c0000 	/Library/Java/JavaVirtualMachines/jdk-11.0.16.1.jdk/Contents/Home/lib/jli/libjli.dylib
0x00000001af5fa000 	/System/Library/Frameworks/Cocoa.framework/Versions/A/Cocoa
0x000000019a2ed000 	/System/Library/Frameworks/AppKit.framework/Versions/C/AppKit
0x000000019ccef000 	/System/Library/Frameworks/CoreData.framework/Versions/A/CoreData
0x0000000198021000 	/System/Library/Frameworks/Foundation.framework/Versions/C/Foundation
0x00000001a29b2000 	/usr/lib/libSystem.B.dylib
0x000000019b1fc000 	/System/Library/PrivateFrameworks/UIFoundation.framework/Versions/A/UIFoundation
0x0000000205b57000 	/System/Library/PrivateFrameworks/CollectionViewCore.framework/Versions/A/CollectionViewCore
0x00000001a991f000 	/System/Library/PrivateFrameworks/RemoteViewServices.framework/Versions/A/RemoteViewServices
0x00000001a0c6a000 	/System/Library/PrivateFrameworks/XCTTargetBootstrap.framework/Versions/A/XCTTargetBootstrap
0x00000001a53c0000 	/System/Library/PrivateFrameworks/InternationalSupport.framework/Versions/A/InternationalSupport
0x00000001a5447000 	/System/Library/PrivateFrameworks/UserActivity.framework/Versions/A/UserActivity
0x000000021dc0f000 	/System/Library/PrivateFrameworks/WindowManagement.framework/Versions/A/WindowManagement
0x0000000197cee000 	/System/Library/Frameworks/SystemConfiguration.framework/Versions/A/SystemConfiguration
0x00000001a48a6000 	/usr/lib/libspindump.dylib
0x000000019b3a2000 	/System/Library/Frameworks/UniformTypeIdentifiers.framework/Versions/A/UniformTypeIdentifiers
0x000000019ec77000 	/usr/lib/libapp_launch_measurement.dylib
0x000000019e12a000 	/System/Library/PrivateFrameworks/CoreAnalytics.framework/Versions/A/CoreAnalytics
0x000000019ec7e000 	/System/Library/PrivateFrameworks/CoreAutoLayout.framework/Versions/A/CoreAutoLayout
0x00000001a0470000 	/System/Library/Frameworks/Metal.framework/Versions/A/Metal
0x00000001a1397000 	/usr/lib/liblangid.dylib
0x00000001a0c70000 	/System/Library/PrivateFrameworks/CoreSVG.framework/Versions/A/CoreSVG
0x000000019bd0d000 	/System/Library/PrivateFrameworks/SkyLight.framework/Versions/A/SkyLight
0x000000019c139000 	/System/Library/Frameworks/CoreGraphics.framework/Versions/A/CoreGraphics
0x00000001a9ffb000 	/System/Library/Frameworks/Accelerate.framework/Versions/A/Accelerate
0x00000001a4313000 	/System/Library/PrivateFrameworks/IconServices.framework/Versions/A/IconServices
0x00000001a044e000 	/System/Library/Frameworks/IOSurface.framework/Versions/A/IOSurface
0x000000019e158000 	/usr/lib/libDiagnosticMessagesClient.dylib
0x00000001a28f8000 	/usr/lib/libz.1.dylib
0x00000001ad414000 	/System/Library/Frameworks/ApplicationServices.framework/Versions/A/ApplicationServices
0x00000001a0c52000 	/System/Library/PrivateFrameworks/DFRFoundation.framework/Versions/A/DFRFoundation
0x0000000199b6a000 	/usr/lib/libicucore.A.dylib
0x00000001a6358000 	/System/Library/Frameworks/AudioToolbox.framework/Versions/A/AudioToolbox
0x00000001a53cb000 	/System/Library/PrivateFrameworks/DataDetectorsCore.framework/Versions/A/DataDetectorsCore
0x00000001bcbcb000 	/System/Library/PrivateFrameworks/TextInput.framework/Versions/A/TextInput
0x000000019bc70000 	/usr/lib/libMobileGestalt.dylib
0x00000001a091e000 	/System/Library/Frameworks/Carbon.framework/Versions/A/Frameworks/HIToolbox.framework/Versions/A/HIToolbox
0x000000019e5e6000 	/System/Library/Frameworks/QuartzCore.framework/Versions/A/QuartzCore
0x00000001997b8000 	/System/Library/Frameworks/Security.framework/Versions/A/Security
0x00000001a995f000 	/System/Library/Frameworks/Carbon.framework/Versions/A/Frameworks/SpeechRecognition.framework/Versions/A/SpeechRecognition
0x000000019e9b6000 	/System/Library/PrivateFrameworks/CoreUI.framework/Versions/A/CoreUI
0x0000000199124000 	/System/Library/Frameworks/CoreAudio.framework/Versions/A/CoreAudio
0x000000019e234000 	/System/Library/Frameworks/DiskArbitration.framework/Versions/A/DiskArbitration
0x00000001a4ce7000 	/System/Library/PrivateFrameworks/MultitouchSupport.framework/Versions/A/MultitouchSupport
0x000000019bc6e000 	/usr/lib/libenergytrace.dylib
0x000000019a1ad000 	/System/Library/Frameworks/IOKit.framework/Versions/A/IOKit
0x00000001a9d4a000 	/System/Library/Frameworks/CoreServices.framework/Versions/A/CoreServices
0x000000019ec04000 	/System/Library/PrivateFrameworks/PerformanceAnalysis.framework/Versions/A/PerformanceAnalysis
0x00000001fbb7c000 	/System/Library/Frameworks/OpenGL.framework/Versions/A/OpenGL
0x000000019ecc8000 	/usr/lib/libxml2.2.dylib
0x00000001a1e4f000 	/System/Library/PrivateFrameworks/MobileKeyBag.framework/Versions/A/MobileKeyBag
0x0000000196c84000 	/usr/lib/libobjc.A.dylib
0x0000000196f3e000 	/usr/lib/libc++.1.dylib
0x000000019c780000 	/System/Library/Frameworks/ColorSync.framework/Versions/A/ColorSync
0x0000000197087000 	/System/Library/Frameworks/CoreFoundation.framework/Versions/A/CoreFoundation
0x00000001a0fac000 	/System/Library/Frameworks/CoreImage.framework/Versions/A/CoreImage
0x0000000198f41000 	/System/Library/Frameworks/CoreText.framework/Versions/A/CoreText
0x00000001a0ca8000 	/System/Library/Frameworks/ImageIO.framework/Versions/A/ImageIO
0x00000001a29b8000 	/System/Library/PrivateFrameworks/SoftLinking.framework/Versions/A/SoftLinking
0x00000001a2c4e000 	/usr/lib/libcompression.dylib
0x00000001a531b000 	/System/Library/PrivateFrameworks/TextureIO.framework/Versions/A/TextureIO
0x00000001a3fe0000 	/usr/lib/libate.dylib
0x00000001a29ac000 	/usr/lib/system/libcache.dylib
0x00000001a2968000 	/usr/lib/system/libcommonCrypto.dylib
0x00000001a2993000 	/usr/lib/system/libcompiler_rt.dylib
0x00000001a2989000 	/usr/lib/system/libcopyfile.dylib
0x0000000196dbd000 	/usr/lib/system/libcorecrypto.dylib
0x0000000196e74000 	/usr/lib/system/libdispatch.dylib
0x000000019702e000 	/usr/lib/system/libdyld.dylib
0x00000001a29a2000 	/usr/lib/system/libkeymgr.dylib
0x00000001a2942000 	/usr/lib/system/libmacho.dylib
0x00000001a1f47000 	/usr/lib/system/libquarantine.dylib
0x00000001a299f000 	/usr/lib/system/libremovefile.dylib
0x000000019bcd7000 	/usr/lib/system/libsystem_asl.dylib
0x0000000196d59000 	/usr/lib/system/libsystem_blocks.dylib
0x0000000196ebf000 	/usr/lib/system/libsystem_c.dylib
0x00000001a2997000 	/usr/lib/system/libsystem_collections.dylib
0x00000001a1386000 	/usr/lib/system/libsystem_configuration.dylib
0x00000001a041c000 	/usr/lib/system/libsystem_containermanager.dylib
0x00000001a2636000 	/usr/lib/system/libsystem_coreservices.dylib
0x0000000199e1e000 	/usr/lib/system/libsystem_darwin.dylib
0x00000001a29a3000 	/usr/lib/system/libsystem_dnssd.dylib
0x0000000196ebc000 	/usr/lib/system/libsystem_featureflags.dylib
0x000000019705a000 	/usr/lib/system/libsystem_info.dylib
0x00000001a290a000 	/usr/lib/system/libsystem_m.dylib
0x0000000196e48000 	/usr/lib/system/libsystem_malloc.dylib
0x000000019bc55000 	/usr/lib/system/libsystem_networkextension.dylib
0x000000019a288000 	/usr/lib/system/libsystem_notify.dylib
0x00000001a138b000 	/usr/lib/system/libsystem_sandbox.dylib
0x00000001a299c000 	/usr/lib/system/libsystem_secinit.dylib
0x0000000196fe7000 	/usr/lib/system/libsystem_kernel.dylib
0x0000000197053000 	/usr/lib/system/libsystem_platform.dylib
0x0000000197021000 	/usr/lib/system/libsystem_pthread.dylib
0x000000019d49f000 	/usr/lib/system/libsystem_symptoms.dylib
0x0000000196da2000 	/usr/lib/system/libsystem_trace.dylib
0x00000001a2976000 	/usr/lib/system/libunwind.dylib
0x0000000196d5e000 	/usr/lib/system/libxpc.dylib
0x0000000196fcb000 	/usr/lib/libc++abi.dylib
0x00000001a2981000 	/usr/lib/liboah.dylib
0x00000001a3e9a000 	/usr/lib/liblzma.5.dylib
0x00000001a29b4000 	/usr/lib/libfakelink.dylib
0x000000019b891000 	/System/Library/Frameworks/CFNetwork.framework/Versions/A/CFNetwork
0x00000001a2af2000 	/usr/lib/libarchive.2.dylib
0x00000001a7c84000 	/System/Library/Frameworks/Combine.framework/Versions/A/Combine
0x00000001a5d37000 	/usr/lib/swift/libswiftCore.dylib
0x00000001b9c58000 	/usr/lib/swift/libswiftCoreFoundation.dylib
0x00000001b7bcb000 	/usr/lib/swift/libswiftDarwin.dylib
0x00000001ab295000 	/usr/lib/swift/libswiftDispatch.dylib
0x00000001b9c79000 	/usr/lib/swift/libswiftIOKit.dylib
0x00000001ad84a000 	/usr/lib/swift/libswiftObjectiveC.dylib
0x00000001b9c6c000 	/usr/lib/swift/libswiftXPC.dylib
0x000000022468a000 	/usr/lib/swift/libswift_Concurrency.dylib
0x00000002247d8000 	/usr/lib/swift/libswift_StringProcessing.dylib
0x00000001ad84e000 	/usr/lib/swift/libswiftos.dylib
0x000000019a131000 	/System/Library/PrivateFrameworks/CoreServicesInternal.framework/Versions/A/CoreServicesInternal
0x00000001a1f6e000 	/usr/lib/libbsm.0.dylib
0x00000001a2948000 	/usr/lib/system/libkxld.dylib
0x000000019ec40000 	/System/Library/Frameworks/CoreServices.framework/Versions/A/Frameworks/FSEvents.framework/Versions/A/FSEvents
0x0000000199e29000 	/System/Library/Frameworks/CoreServices.framework/Versions/A/Frameworks/CarbonCore.framework/Versions/A/CarbonCore
0x000000019e19c000 	/System/Library/Frameworks/CoreServices.framework/Versions/A/Frameworks/Metadata.framework/Versions/A/Metadata
0x00000001a263c000 	/System/Library/Frameworks/CoreServices.framework/Versions/A/Frameworks/OSServices.framework/Versions/A/OSServices
0x00000001a2b7a000 	/System/Library/Frameworks/CoreServices.framework/Versions/A/Frameworks/SearchKit.framework/Versions/A/SearchKit
0x000000019d421000 	/System/Library/Frameworks/CoreServices.framework/Versions/A/Frameworks/AE.framework/Versions/A/AE
0x0000000197561000 	/System/Library/Frameworks/CoreServices.framework/Versions/A/Frameworks/LaunchServices.framework/Versions/A/LaunchServices
0x00000001a3e43000 	/System/Library/Frameworks/CoreServices.framework/Versions/A/Frameworks/DictionaryServices.framework/Versions/A/DictionaryServices
0x000000019ec4d000 	/System/Library/Frameworks/CoreServices.framework/Versions/A/Frameworks/SharedFileList.framework/Versions/A/SharedFileList
0x00000001a2c18000 	/usr/lib/libapple_nghttp2.dylib
0x000000019b88d000 	/usr/lib/libnetwork.dylib
0x000000019d0d0000 	/usr/lib/libsqlite3.dylib
0x000000019d4a8000 	/System/Library/Frameworks/Network.framework/Versions/A/Network
0x0000000223777000 	/usr/lib/libCoreEntitlements.dylib
0x000000020f72e000 	/System/Library/PrivateFrameworks/MessageSecurity.framework/Versions/A/MessageSecurity
0x000000019d0b6000 	/System/Library/PrivateFrameworks/ProtocolBuffer.framework/Versions/A/ProtocolBuffer
0x00000001a2564000 	/System/Library/PrivateFrameworks/AppleFSCompression.framework/Versions/A/AppleFSCompression
0x00000001a1f56000 	/usr/lib/libcoretls.dylib
0x00000001a3eb3000 	/usr/lib/libcoretls_cfhelpers.dylib
0x00000001a2c48000 	/usr/lib/libpam.2.dylib
0x00000001a3f1e000 	/usr/lib/libxar.1.dylib
0x00000001a42ed000 	/usr/lib/libheimdal-asn1.dylib
0x00000001a29b9000 	/usr/lib/libpcap.A.dylib
0x000000019d495000 	/usr/lib/libdns_services.dylib
0x00000001a1393000 	/System/Library/PrivateFrameworks/AppleSystemInfo.framework/Versions/A/AppleSystemInfo
0x00000001a1c4a000 	/System/Library/PrivateFrameworks/IOMobileFramebuffer.framework/Versions/A/IOMobileFramebuffer
0x00000001a2629000 	/usr/lib/libbz2.1.0.dylib
0x00000001a1f4a000 	/usr/lib/libCheckFix.dylib
0x000000019bcef000 	/System/Library/PrivateFrameworks/TCC.framework/Versions/A/TCC
0x00000001a1399000 	/System/Library/PrivateFrameworks/CoreNLP.framework/Versions/A/CoreNLP
0x000000019e15a000 	/System/Library/PrivateFrameworks/MetadataUtilities.framework/Versions/A/MetadataUtilities
0x00000001a1f80000 	/usr/lib/libmecab.dylib
0x0000000197d78000 	/usr/lib/libCRFSuite.dylib
0x00000001a1fdc000 	/usr/lib/libgermantok.dylib
0x00000001a2bf1000 	/usr/lib/libThaiTokenizer.dylib
0x000000019e23d000 	/System/Library/Frameworks/Accelerate.framework/Versions/A/Frameworks/vImage.framework/Versions/A/vImage
0x00000001a9d21000 	/System/Library/Frameworks/Accelerate.framework/Versions/A/Frameworks/vecLib.framework/Versions/A/vecLib
0x00000001a3f64000 	/System/Library/Frameworks/Accelerate.framework/Versions/A/Frameworks/vecLib.framework/Versions/A/libvMisc.dylib
0x00000001a1b49000 	/System/Library/Frameworks/Accelerate.framework/Versions/A/Frameworks/vecLib.framework/Versions/A/libvDSP.dylib
0x0000000197919000 	/System/Library/Frameworks/Accelerate.framework/Versions/A/Frameworks/vecLib.framework/Versions/A/libBLAS.dylib
0x00000001a2d23000 	/System/Library/Frameworks/Accelerate.framework/Versions/A/Frameworks/vecLib.framework/Versions/A/libLAPACK.dylib
0x00000001a1fdf000 	/System/Library/Frameworks/Accelerate.framework/Versions/A/Frameworks/vecLib.framework/Versions/A/libLinearAlgebra.dylib
0x00000001a2c33000 	/System/Library/Frameworks/Accelerate.framework/Versions/A/Frameworks/vecLib.framework/Versions/A/libSparseBLAS.dylib
0x00000001a2d1e000 	/System/Library/Frameworks/Accelerate.framework/Versions/A/Frameworks/vecLib.framework/Versions/A/libQuadrature.dylib
0x00000001a148e000 	/System/Library/Frameworks/Accelerate.framework/Versions/A/Frameworks/vecLib.framework/Versions/A/libBNNS.dylib
0x0000000197c86000 	/System/Library/Frameworks/Accelerate.framework/Versions/A/Frameworks/vecLib.framework/Versions/A/libSparse.dylib
0x000000020e95c000 	/System/Library/PrivateFrameworks/MIL.framework/Versions/A/MIL
0x00000001a29ee000 	/usr/lib/libiconv.2.dylib
0x00000001a2941000 	/usr/lib/libcharset.1.dylib
0x000000019ec20000 	/System/Library/Frameworks/OpenDirectory.framework/Versions/A/Frameworks/CFOpenDirectory.framework/Versions/A/CFOpenDirectory
0x000000019ec10000 	/System/Library/Frameworks/OpenDirectory.framework/Versions/A/OpenDirectory
0x00000001a3eb5000 	/System/Library/PrivateFrameworks/APFS.framework/Versions/A/APFS
0x00000001a1e85000 	/System/Library/Frameworks/SecurityFoundation.framework/Versions/A/SecurityFoundation
0x00000001a3f2d000 	/usr/lib/libutil.dylib
0x000000020d7b6000 	/System/Library/PrivateFrameworks/InstalledContentLibrary.framework/Versions/A/InstalledContentLibrary
0x000000019a170000 	/System/Library/PrivateFrameworks/CoreServicesStore.framework/Versions/A/CoreServicesStore
0x00000002044fe000 	/System/Library/PrivateFrameworks/AppleMobileFileIntegrity.framework/Versions/A/AppleMobileFileIntegrity
0x00000001b9c38000 	/usr/lib/libmis.dylib
0x00000001c7e01000 	/System/Library/PrivateFrameworks/MobileSystemServices.framework/Versions/A/MobileSystemServices
0x00000001e333a000 	/System/Library/PrivateFrameworks/ConfigProfileHelper.framework/Versions/A/ConfigProfileHelper
0x00000001a2bf3000 	/System/Library/PrivateFrameworks/AppleSauce.framework/Versions/A/AppleSauce
0x00000001989e7000 	/System/Library/PrivateFrameworks/LanguageModeling.framework/Versions/A/LanguageModeling
0x00000001a3f31000 	/usr/lib/libxslt.1.dylib
0x00000001a2ae0000 	/usr/lib/libcmph.dylib
0x00000001a1c37000 	/System/Library/PrivateFrameworks/CoreEmoji.framework/Versions/A/CoreEmoji
0x00000001a1488000 	/System/Library/PrivateFrameworks/LinguisticData.framework/Versions/A/LinguisticData
0x0000000197c3e000 	/System/Library/PrivateFrameworks/Lexicon.framework/Versions/A/Lexicon
0x00000001a1f17000 	/System/Library/PrivateFrameworks/BackgroundTaskManagement.framework/Versions/A/BackgroundTaskManagement
0x000000022391a000 	/usr/lib/libTLE.dylib
0x0000000224728000 	/usr/lib/swift/libswift_RegexParser.dylib
0x00000001a4bac000 	/System/Library/PrivateFrameworks/AppleJPEG.framework/Versions/A/AppleJPEG
0x00000001a42d2000 	/usr/lib/libexpat.1.dylib
0x00000001a517e000 	/System/Library/Frameworks/ImageIO.framework/Versions/A/Resources/libPng.dylib
0x00000001a51a9000 	/System/Library/Frameworks/ImageIO.framework/Versions/A/Resources/libTIFF.dylib
0x00000001a5291000 	/System/Library/Frameworks/ImageIO.framework/Versions/A/Resources/libGIF.dylib
0x00000001a4bf2000 	/System/Library/Frameworks/ImageIO.framework/Versions/A/Resources/libJP2.dylib
0x00000001a5236000 	/System/Library/Frameworks/ImageIO.framework/Versions/A/Resources/libJPEG.dylib
0x00000001a522d000 	/System/Library/Frameworks/ImageIO.framework/Versions/A/Resources/libRadiance.dylib
0x00000001a07ab000 	/System/Library/PrivateFrameworks/FontServices.framework/libFontParser.dylib
0x000000019d3c2000 	/System/Library/PrivateFrameworks/RunningBoardServices.framework/Versions/A/RunningBoardServices
0x00000001afda5000 	/System/Library/PrivateFrameworks/IOSurfaceAccelerator.framework/Versions/A/IOSurfaceAccelerator
0x00000001a4ce3000 	/System/Library/PrivateFrameworks/WatchdogClient.framework/Versions/A/WatchdogClient
0x0000000198b63000 	/System/Library/Frameworks/CoreDisplay.framework/Versions/A/CoreDisplay
0x00000001a0682000 	/System/Library/Frameworks/CoreMedia.framework/Versions/A/CoreMedia
0x00000001a0466000 	/System/Library/PrivateFrameworks/IOAccelerator.framework/Versions/A/IOAccelerator
0x000000019edb1000 	/System/Library/Frameworks/CoreVideo.framework/Versions/A/CoreVideo
0x00000001a2c46000 	/System/Library/Frameworks/MetalPerformanceShaders.framework/Versions/A/MetalPerformanceShaders
0x00000001a4d24000 	/System/Library/Frameworks/VideoToolbox.framework/Versions/A/VideoToolbox
0x000000019d2ff000 	/System/Library/PrivateFrameworks/BaseBoard.framework/Versions/A/BaseBoard
0x00000001a5228000 	/System/Library/PrivateFrameworks/GPUWrangler.framework/Versions/A/GPUWrangler
0x00000001a5208000 	/System/Library/PrivateFrameworks/IOPresentment.framework/Versions/A/IOPresentment
0x00000001a5230000 	/System/Library/PrivateFrameworks/DSExternalDisplay.framework/Versions/A/DSExternalDisplay
0x0000000209df5000 	/System/Library/PrivateFrameworks/GPUCompiler.framework/Versions/31001/Libraries/libllvm-flatbuffers.dylib
0x00000001fbb6f000 	/System/Library/Frameworks/OpenGL.framework/Versions/A/Libraries/libCoreFSCache.dylib
0x0000000209df1000 	/System/Library/PrivateFrameworks/GPUCompiler.framework/Versions/31001/Libraries/libGPUCompilerUtils.dylib
0x00000001a5297000 	/System/Library/PrivateFrameworks/CMCaptureCore.framework/Versions/A/CMCaptureCore
0x00000001fe4fd000 	/System/Library/Frameworks/ExtensionFoundation.framework/Versions/A/ExtensionFoundation
0x00000001aba50000 	/System/Library/PrivateFrameworks/CoreTime.framework/Versions/A/CoreTime
0x00000001a4891000 	/System/Library/PrivateFrameworks/AppServerSupport.framework/Versions/A/AppServerSupport
0x00000001a6c3c000 	/System/Library/PrivateFrameworks/perfdata.framework/Versions/A/perfdata
0x0000000198c83000 	/System/Library/PrivateFrameworks/AudioToolboxCore.framework/Versions/A/AudioToolboxCore
0x00000001a0659000 	/System/Library/PrivateFrameworks/caulk.framework/Versions/A/caulk
0x00000001a64f3000 	/usr/lib/libAudioStatistics.dylib
0x00000001b907a000 	/System/Library/PrivateFrameworks/SystemPolicy.framework/Versions/A/SystemPolicy
0x00000001a6793000 	/usr/lib/libSMC.dylib
0x00000001af4c3000 	/System/Library/Frameworks/CoreMIDI.framework/Versions/A/CoreMIDI
0x00000001a514b000 	/usr/lib/libAudioToolboxUtility.dylib
0x00000001b4cfa000 	/System/Library/PrivateFrameworks/OSAServicesClient.framework/Versions/A/OSAServicesClient
0x00000001a6c4a000 	/usr/lib/libperfcheck.dylib
0x00000001a41bd000 	/System/Library/PrivateFrameworks/PlugInKit.framework/Versions/A/PlugInKit
0x00000001a1e77000 	/System/Library/PrivateFrameworks/AssertionServices.framework/Versions/A/AssertionServices
0x00000001fbbd1000 	/System/Library/Frameworks/OpenGL.framework/Versions/A/Libraries/libGLU.dylib
0x00000001fbb90000 	/System/Library/Frameworks/OpenGL.framework/Versions/A/Libraries/libGFXShared.dylib
0x00000001fbd6b000 	/System/Library/Frameworks/OpenGL.framework/Versions/A/Libraries/libGL.dylib
0x00000001fbb99000 	/System/Library/Frameworks/OpenGL.framework/Versions/A/Libraries/libGLImage.dylib
0x00000001fbb8d000 	/System/Library/Frameworks/OpenGL.framework/Versions/A/Libraries/libCVMSPluginSupport.dylib
0x00000002238f9000 	/usr/lib/libRosetta.dylib
0x00000001fbb76000 	/System/Library/Frameworks/OpenGL.framework/Versions/A/Libraries/libCoreVMClient.dylib
0x00000001a130a000 	/System/Library/Frameworks/MetalPerformanceShaders.framework/Versions/A/Frameworks/MPSCore.framework/Versions/A/MPSCore
0x00000001a24da000 	/System/Library/Frameworks/MetalPerformanceShaders.framework/Versions/A/Frameworks/MPSImage.framework/Versions/A/MPSImage
0x00000001a1ff4000 	/System/Library/Frameworks/MetalPerformanceShaders.framework/Versions/A/Frameworks/MPSNeuralNetwork.framework/Versions/A/MPSNeuralNetwork
0x00000001a23dc000 	/System/Library/Frameworks/MetalPerformanceShaders.framework/Versions/A/Frameworks/MPSMatrix.framework/Versions/A/MPSMatrix
0x00000001a21ee000 	/System/Library/Frameworks/MetalPerformanceShaders.framework/Versions/A/Frameworks/MPSRayIntersector.framework/Versions/A/MPSRayIntersector
0x00000001a240b000 	/System/Library/Frameworks/MetalPerformanceShaders.framework/Versions/A/Frameworks/MPSNDArray.framework/Versions/A/MPSNDArray
0x00000001ff9cd000 	/System/Library/Frameworks/MetalPerformanceShaders.framework/Versions/A/Frameworks/MPSFunctions.framework/Versions/A/MPSFunctions
0x00000001977de000 	/System/Library/PrivateFrameworks/MetalTools.framework/Versions/A/MetalTools
0x00000001a1391000 	/System/Library/PrivateFrameworks/AggregateDictionary.framework/Versions/A/AggregateDictionary
0x00000001a4075000 	/usr/lib/libIOReport.dylib
0x00000001ae6b3000 	/System/Library/PrivateFrameworks/ASEProcessing.framework/Versions/A/ASEProcessing
0x00000002127af000 	/System/Library/PrivateFrameworks/PhotosensitivityProcessing.framework/Versions/A/PhotosensitivityProcessing
0x00000001a442f000 	/System/Library/PrivateFrameworks/GraphVisualizer.framework/Versions/A/GraphVisualizer
0x0000000209d12000 	/System/Library/PrivateFrameworks/FontServices.framework/Versions/A/FontServices
0x00000001a484f000 	/System/Library/PrivateFrameworks/OTSVG.framework/Versions/A/OTSVG
0x000000019e964000 	/System/Library/Frameworks/ApplicationServices.framework/Versions/A/Frameworks/ATS.framework/Versions/A/Resources/libFontRegistry.dylib
0x00000001a489b000 	/System/Library/PrivateFrameworks/FontServices.framework/libhvf.dylib
0x0000000209d13000 	/System/Library/PrivateFrameworks/FontServices.framework/libXTFontStaticRegistryData.dylib
0x00000001c4479000 	/usr/lib/swift/libswiftMetal.dylib
0x00000001bcb31000 	/usr/lib/swift/libswiftsimd.dylib
0x000000021c778000 	/System/Library/PrivateFrameworks/VideoToolboxParavirtualizationSupport.framework/Versions/A/VideoToolboxParavirtualizationSupport
0x00000001a4286000 	/System/Library/PrivateFrameworks/AppleVA.framework/Versions/A/AppleVA
0x00000001a6533000 	/System/Library/Frameworks/ApplicationServices.framework/Versions/A/Frameworks/ATS.framework/Versions/A/ATS
0x000000019c872000 	/System/Library/Frameworks/ApplicationServices.framework/Versions/A/Frameworks/HIServices.framework/Versions/A/HIServices
0x00000001a52a3000 	/System/Library/Frameworks/ApplicationServices.framework/Versions/A/Frameworks/PrintCore.framework/Versions/A/PrintCore
0x00000001a68ec000 	/System/Library/Frameworks/ApplicationServices.framework/Versions/A/Frameworks/QD.framework/Versions/A/QD
0x00000001a68e0000 	/System/Library/Frameworks/ApplicationServices.framework/Versions/A/Frameworks/ColorSyncLegacy.framework/Versions/A/ColorSyncLegacy
0x00000001a6507000 	/System/Library/Frameworks/ApplicationServices.framework/Versions/A/Frameworks/SpeechSynthesis.framework/Versions/A/SpeechSynthesis
0x00000001a5261000 	/System/Library/Frameworks/ApplicationServices.framework/Versions/A/Frameworks/ATSUI.framework/Versions/A/ATSUI
0x00000001a6873000 	/usr/lib/libcups.2.dylib
0x00000001a6c58000 	/System/Library/Frameworks/Kerberos.framework/Versions/A/Kerberos
0x00000001a6c69000 	/System/Library/Frameworks/GSS.framework/Versions/A/GSS
0x00000001a65a5000 	/usr/lib/libresolv.9.dylib
0x00000001a48ab000 	/System/Library/PrivateFrameworks/Heimdal.framework/Versions/A/Heimdal
0x00000001ad7cc000 	/System/Library/Frameworks/Kerberos.framework/Versions/A/Libraries/libHeimdalProxy.dylib
0x00000001a6cc1000 	/System/Library/PrivateFrameworks/CommonAuth.framework/Versions/A/CommonAuth
0x00000001fd70a000 	/System/Library/Frameworks/AVFAudio.framework/Versions/A/AVFAudio
0x00000001b4d49000 	/System/Library/PrivateFrameworks/AXCoreUtilities.framework/Versions/A/AXCoreUtilities
0x00000001a647f000 	/System/Library/PrivateFrameworks/AudioSession.framework/Versions/A/AudioSession
0x00000001a7a36000 	/System/Library/Frameworks/IOBluetooth.framework/Versions/A/IOBluetooth
0x00000001a4388000 	/System/Library/PrivateFrameworks/MediaExperience.framework/Versions/A/MediaExperience
0x00000001a631e000 	/System/Library/PrivateFrameworks/AudioSession.framework/libSessionUtility.dylib
0x00000001a68f8000 	/System/Library/PrivateFrameworks/AudioResourceArbitration.framework/Versions/A/AudioResourceArbitration
0x00000001aa95c000 	/System/Library/PrivateFrameworks/PowerLog.framework/Versions/A/PowerLog
0x00000001aa89c000 	/System/Library/Frameworks/CoreBluetooth.framework/Versions/A/CoreBluetooth
0x00000001ad7cd000 	/System/Library/Frameworks/AudioUnit.framework/Versions/A/AudioUnit
0x00000001a1cd6000 	/System/Library/PrivateFrameworks/CoreUtils.framework/Versions/A/CoreUtils
0x00000002085e9000 	/System/Library/PrivateFrameworks/CoreUtilsExtras.framework/Versions/A/CoreUtilsExtras
0x000000020d64c000 	/System/Library/PrivateFrameworks/IO80211.framework/Versions/A/IO80211
0x00000001a42f8000 	/System/Library/PrivateFrameworks/IconFoundation.framework/Versions/A/IconFoundation
0x00000001a994b000 	/System/Library/PrivateFrameworks/SpeechRecognitionCore.framework/Versions/A/SpeechRecognitionCore
0x0000000104c9c000 	/Library/Java/JavaVirtualMachines/jdk-11.0.16.1.jdk/Contents/Home/lib/server/libjvm.dylib
0x000000010417c000 	/Library/Java/JavaVirtualMachines/jdk-11.0.16.1.jdk/Contents/Home/lib/libverify.dylib
0x00000001041c8000 	/Library/Java/JavaVirtualMachines/jdk-11.0.16.1.jdk/Contents/Home/lib/libjava.dylib
0x0000000104194000 	/Library/Java/JavaVirtualMachines/jdk-11.0.16.1.jdk/Contents/Home/lib/libjimage.dylib
0x0000000104244000 	/Library/Java/JavaVirtualMachines/jdk-11.0.16.1.jdk/Contents/Home/lib/libjdwp.dylib
0x00000001041fc000 	/Library/Java/JavaVirtualMachines/jdk-11.0.16.1.jdk/Contents/Home/lib/libinstrument.dylib
0x0000000104214000 	/Library/Java/JavaVirtualMachines/jdk-11.0.16.1.jdk/Contents/Home/lib/libzip.dylib
0x0000000104c64000 	/Library/Java/JavaVirtualMachines/jdk-11.0.16.1.jdk/Contents/Home/lib/libdt_socket.dylib
0x000000011f78c000 	/Library/Java/JavaVirtualMachines/jdk-11.0.16.1.jdk/Contents/Home/lib/libnio.dylib
0x000000011f7a8000 	/Library/Java/JavaVirtualMachines/jdk-11.0.16.1.jdk/Contents/Home/lib/libnet.dylib


VM Arguments:
jvm_args: -agentlib:jdwp=transport=dt_socket,suspend=y,address=localhost:54033 -javaagent:/Users/bumba/eclipse/java-2022-12/Eclipse.app/Contents/Eclipse/configuration/org.eclipse.osgi/521/0/.cp/lib/javaagent-shaded.jar -Dfile.encoding=UTF-8 
java_command: compiler.TestCompiler
java_class_path (initial): /Users/bumba/eclipse-workspace/cppCompiler/bin
Launcher Type: SUN_STANDARD

[Global flags]
     intx CICompilerCount                          = 4                                         {product} {ergonomic}
     uint ConcGCThreads                            = 2                                         {product} {ergonomic}
     uint G1ConcRefinementThreads                  = 8                                         {product} {ergonomic}
   size_t G1HeapRegionSize                         = 1048576                                   {product} {ergonomic}
    uintx GCDrainStackTargetSize                   = 64                                        {product} {ergonomic}
   size_t InitialHeapSize                          = 268435456                                 {product} {ergonomic}
   size_t MarkStackSize                            = 4194304                                   {product} {ergonomic}
   size_t MaxHeapSize                              = 4294967296                                {product} {ergonomic}
   size_t MaxNewSize                               = 2576351232                                {product} {ergonomic}
   size_t MinHeapDeltaBytes                        = 1048576                                   {product} {ergonomic}
    uintx NonNMethodCodeHeapSize                   = 5836492                                {pd product} {ergonomic}
    uintx NonProfiledCodeHeapSize                  = 122910874                              {pd product} {ergonomic}
    uintx ProfiledCodeHeapSize                     = 122910874                              {pd product} {ergonomic}
    uintx ReservedCodeCacheSize                    = 251658240                              {pd product} {ergonomic}
     bool SegmentedCodeCache                       = true                                      {product} {ergonomic}
     bool UseCompressedClassPointers               = true                                 {lp64_product} {ergonomic}
     bool UseCompressedOops                        = true                                 {lp64_product} {ergonomic}
     bool UseG1GC                                  = true                                      {product} {ergonomic}

Logging:
Log output configuration:
 #0: stdout all=warning uptime,level,tags
 #1: stderr all=off uptime,level,tags

Environment Variables:
PATH=/usr/bin:/bin:/usr/sbin:/sbin
SHELL=/bin/bash

Signal Handlers:
SIGSEGV: [libjvm.dylib+0x680a60], sa_mask[0]=11111111011111110111111111111111, sa_flags=SA_ONSTACK|SA_RESTART|SA_SIGINFO
SIGBUS: [libjvm.dylib+0x680a60], sa_mask[0]=11111111011111110111111111111111, sa_flags=SA_RESTART|SA_SIGINFO
SIGFPE: [libjvm.dylib+0x680a60], sa_mask[0]=11111111011111110111111111111111, sa_flags=SA_RESTART|SA_SIGINFO
SIGPIPE: [libjvm.dylib+0x52e400], sa_mask[0]=11111111011111110111111111111111, sa_flags=SA_RESTART|SA_SIGINFO
SIGXFSZ: [libjvm.dylib+0x52e400], sa_mask[0]=11111111011111110111111111111111, sa_flags=SA_RESTART|SA_SIGINFO
SIGILL: [libjvm.dylib+0x680a60], sa_mask[0]=11111111011111110111111111111111, sa_flags=SA_RESTART|SA_SIGINFO
SIGUSR2: [libjvm.dylib+0x52ea00], sa_mask[0]=00100000000000000000000000000000, sa_flags=SA_RESTART|SA_SIGINFO
SIGHUP: [libjvm.dylib+0x52d0c0], sa_mask[0]=11111111011111110111111111111111, sa_flags=SA_RESTART|SA_SIGINFO
SIGINT: [libjvm.dylib+0x52d0c0], sa_mask[0]=11111111011111110111111111111111, sa_flags=SA_RESTART|SA_SIGINFO
SIGTERM: [libjvm.dylib+0x52d0c0], sa_mask[0]=11111111011111110111111111111111, sa_flags=SA_RESTART|SA_SIGINFO
SIGQUIT: [libjvm.dylib+0x52d0c0], sa_mask[0]=11111111011111110111111111111111, sa_flags=SA_RESTART|SA_SIGINFO


---------------  S Y S T E M  ---------------

OS:uname:Darwin 22.5.0 Darwin Kernel Version 22.5.0: Thu Jun  8 22:22:19 PDT 2023; root:xnu-8796.121.3~7/RELEASE_ARM64_T8103 arm64
rlimit: STACK 8176k, CORE 0k, NPROC 2666, NOFILE 10240, AS infinity, DATA infinity, FSIZE infinity
load average:1.60 1.60 1.57

CPU:total 8 (initial active 8) 0x61:0x0:0x1b588bb3:0, simd, crc, lse

Memory: 16k page, physical 16777216k(67664k free)

vm_info: Java HotSpot(TM) 64-Bit Server VM (11.0.16.1+1-LTS-1) for bsd-aarch64 JRE (11.0.16.1+1-LTS-1), built on Aug 16 2022 00:49:27 by "mach5one" with gcc Apple LLVM 12.0.0 (clang-1200.0.32.29)

END.
